<?xml version="1.0" encoding="UTF-8"?>
<testsuite xmlns:xsi="http://www.w3.org/2001/XMLSchema-instance" xsi:noNamespaceSchemaLocation="https://maven.apache.org/surefire/maven-surefire-plugin/xsd/surefire-test-report-3.0.xsd" version="3.0" name="com.accountservice.AccountServiceApplicationTests" time="24.676" tests="1" errors="0" skipped="0" failures="0">
  <properties>
    <property name="java.specification.version" value="22"/>
    <property name="sun.cpu.isalist" value="amd64"/>
    <property name="sun.jnu.encoding" value="Cp1252"/>
    <property name="java.class.path" value="D:\Code\Big Apps\Hybrid-Blockchain-Based-Stock-Trading-Platform-with-Arbitrage-Bot\BE\account-service\target\test-classes;D:\Code\Big Apps\Hybrid-Blockchain-Based-Stock-Trading-Platform-with-Arbitrage-Bot\BE\account-service\target\classes;C:\Users\hiepg\.m2\repository\org\springframework\boot\spring-boot-starter-data-mongodb\3.4.3\spring-boot-starter-data-mongodb-3.4.3.jar;C:\Users\hiepg\.m2\repository\org\springframework\boot\spring-boot-starter\3.4.3\spring-boot-starter-3.4.3.jar;C:\Users\hiepg\.m2\repository\org\springframework\boot\spring-boot\3.4.3\spring-boot-3.4.3.jar;C:\Users\hiepg\.m2\repository\org\springframework\boot\spring-boot-autoconfigure\3.4.3\spring-boot-autoconfigure-3.4.3.jar;C:\Users\hiepg\.m2\repository\org\springframework\boot\spring-boot-starter-logging\3.4.3\spring-boot-starter-logging-3.4.3.jar;C:\Users\hiepg\.m2\repository\ch\qos\logback\logback-classic\1.5.16\logback-classic-1.5.16.jar;C:\Users\hiepg\.m2\repository\ch\qos\logback\logback-core\1.5.16\logback-core-1.5.16.jar;C:\Users\hiepg\.m2\repository\org\apache\logging\log4j\log4j-to-slf4j\2.24.3\log4j-to-slf4j-2.24.3.jar;C:\Users\hiepg\.m2\repository\org\apache\logging\log4j\log4j-api\2.24.3\log4j-api-2.24.3.jar;C:\Users\hiepg\.m2\repository\org\slf4j\jul-to-slf4j\2.0.16\jul-to-slf4j-2.0.16.jar;C:\Users\hiepg\.m2\repository\jakarta\annotation\jakarta.annotation-api\2.1.1\jakarta.annotation-api-2.1.1.jar;C:\Users\hiepg\.m2\repository\org\yaml\snakeyaml\2.3\snakeyaml-2.3.jar;C:\Users\hiepg\.m2\repository\org\mongodb\mongodb-driver-sync\5.2.1\mongodb-driver-sync-5.2.1.jar;C:\Users\hiepg\.m2\repository\org\mongodb\bson\5.2.1\bson-5.2.1.jar;C:\Users\hiepg\.m2\repository\org\mongodb\mongodb-driver-core\5.2.1\mongodb-driver-core-5.2.1.jar;C:\Users\hiepg\.m2\repository\org\mongodb\bson-record-codec\5.2.1\bson-record-codec-5.2.1.jar;C:\Users\hiepg\.m2\repository\org\springframework\data\spring-data-mongodb\4.4.3\spring-data-mongodb-4.4.3.jar;C:\Users\hiepg\.m2\repository\org\springframework\spring-expression\6.2.3\spring-expression-6.2.3.jar;C:\Users\hiepg\.m2\repository\org\springframework\data\spring-data-commons\3.4.3\spring-data-commons-3.4.3.jar;C:\Users\hiepg\.m2\repository\org\slf4j\slf4j-api\2.0.16\slf4j-api-2.0.16.jar;C:\Users\hiepg\.m2\repository\org\springframework\boot\spring-boot-starter-data-mongodb-reactive\3.4.3\spring-boot-starter-data-mongodb-reactive-3.4.3.jar;C:\Users\hiepg\.m2\repository\io\projectreactor\reactor-core\3.7.3\reactor-core-3.7.3.jar;C:\Users\hiepg\.m2\repository\org\reactivestreams\reactive-streams\1.0.4\reactive-streams-1.0.4.jar;C:\Users\hiepg\.m2\repository\org\mongodb\mongodb-driver-reactivestreams\5.2.1\mongodb-driver-reactivestreams-5.2.1.jar;C:\Users\hiepg\.m2\repository\org\springframework\boot\spring-boot-starter-data-redis\3.4.3\spring-boot-starter-data-redis-3.4.3.jar;C:\Users\hiepg\.m2\repository\io\lettuce\lettuce-core\6.4.2.RELEASE\lettuce-core-6.4.2.RELEASE.jar;C:\Users\hiepg\.m2\repository\io\netty\netty-common\4.1.118.Final\netty-common-4.1.118.Final.jar;C:\Users\hiepg\.m2\repository\io\netty\netty-handler\4.1.118.Final\netty-handler-4.1.118.Final.jar;C:\Users\hiepg\.m2\repository\io\netty\netty-resolver\4.1.118.Final\netty-resolver-4.1.118.Final.jar;C:\Users\hiepg\.m2\repository\io\netty\netty-buffer\4.1.118.Final\netty-buffer-4.1.118.Final.jar;C:\Users\hiepg\.m2\repository\io\netty\netty-transport-native-unix-common\4.1.118.Final\netty-transport-native-unix-common-4.1.118.Final.jar;C:\Users\hiepg\.m2\repository\io\netty\netty-codec\4.1.118.Final\netty-codec-4.1.118.Final.jar;C:\Users\hiepg\.m2\repository\io\netty\netty-transport\4.1.118.Final\netty-transport-4.1.118.Final.jar;C:\Users\hiepg\.m2\repository\org\springframework\data\spring-data-redis\3.4.3\spring-data-redis-3.4.3.jar;C:\Users\hiepg\.m2\repository\org\springframework\data\spring-data-keyvalue\3.4.3\spring-data-keyvalue-3.4.3.jar;C:\Users\hiepg\.m2\repository\org\springframework\spring-oxm\6.2.3\spring-oxm-6.2.3.jar;C:\Users\hiepg\.m2\repository\org\springframework\spring-context-support\6.2.3\spring-context-support-6.2.3.jar;C:\Users\hiepg\.m2\repository\org\springframework\boot\spring-boot-starter-data-redis-reactive\3.4.3\spring-boot-starter-data-redis-reactive-3.4.3.jar;C:\Users\hiepg\.m2\repository\org\springframework\boot\spring-boot-starter-data-rest\3.4.3\spring-boot-starter-data-rest-3.4.3.jar;C:\Users\hiepg\.m2\repository\org\springframework\data\spring-data-rest-webmvc\4.4.3\spring-data-rest-webmvc-4.4.3.jar;C:\Users\hiepg\.m2\repository\org\springframework\data\spring-data-rest-core\4.4.3\spring-data-rest-core-4.4.3.jar;C:\Users\hiepg\.m2\repository\org\springframework\hateoas\spring-hateoas\2.4.1\spring-hateoas-2.4.1.jar;C:\Users\hiepg\.m2\repository\org\springframework\plugin\spring-plugin-core\3.0.0\spring-plugin-core-3.0.0.jar;C:\Users\hiepg\.m2\repository\org\atteo\evo-inflector\1.3\evo-inflector-1.3.jar;C:\Users\hiepg\.m2\repository\com\fasterxml\jackson\core\jackson-annotations\2.18.2\jackson-annotations-2.18.2.jar;C:\Users\hiepg\.m2\repository\org\springframework\boot\spring-boot-starter-security\3.4.3\spring-boot-starter-security-3.4.3.jar;C:\Users\hiepg\.m2\repository\org\springframework\spring-aop\6.2.3\spring-aop-6.2.3.jar;C:\Users\hiepg\.m2\repository\org\springframework\security\spring-security-config\6.4.3\spring-security-config-6.4.3.jar;C:\Users\hiepg\.m2\repository\org\springframework\security\spring-security-web\6.4.3\spring-security-web-6.4.3.jar;C:\Users\hiepg\.m2\repository\org\springframework\boot\spring-boot-starter-web\3.4.3\spring-boot-starter-web-3.4.3.jar;C:\Users\hiepg\.m2\repository\org\springframework\boot\spring-boot-starter-json\3.4.3\spring-boot-starter-json-3.4.3.jar;C:\Users\hiepg\.m2\repository\com\fasterxml\jackson\datatype\jackson-datatype-jdk8\2.18.2\jackson-datatype-jdk8-2.18.2.jar;C:\Users\hiepg\.m2\repository\com\fasterxml\jackson\datatype\jackson-datatype-jsr310\2.18.2\jackson-datatype-jsr310-2.18.2.jar;C:\Users\hiepg\.m2\repository\com\fasterxml\jackson\module\jackson-module-parameter-names\2.18.2\jackson-module-parameter-names-2.18.2.jar;C:\Users\hiepg\.m2\repository\org\springframework\boot\spring-boot-starter-tomcat\3.4.3\spring-boot-starter-tomcat-3.4.3.jar;C:\Users\hiepg\.m2\repository\org\apache\tomcat\embed\tomcat-embed-core\10.1.36\tomcat-embed-core-10.1.36.jar;C:\Users\hiepg\.m2\repository\org\apache\tomcat\embed\tomcat-embed-el\10.1.36\tomcat-embed-el-10.1.36.jar;C:\Users\hiepg\.m2\repository\org\apache\tomcat\embed\tomcat-embed-websocket\10.1.36\tomcat-embed-websocket-10.1.36.jar;C:\Users\hiepg\.m2\repository\org\springframework\spring-web\6.2.3\spring-web-6.2.3.jar;C:\Users\hiepg\.m2\repository\org\springframework\spring-webmvc\6.2.3\spring-webmvc-6.2.3.jar;C:\Users\hiepg\.m2\repository\org\projectlombok\lombok\1.18.36\lombok-1.18.36.jar;C:\Users\hiepg\.m2\repository\org\springframework\boot\spring-boot-starter-test\3.4.3\spring-boot-starter-test-3.4.3.jar;C:\Users\hiepg\.m2\repository\org\springframework\boot\spring-boot-test\3.4.3\spring-boot-test-3.4.3.jar;C:\Users\hiepg\.m2\repository\org\springframework\boot\spring-boot-test-autoconfigure\3.4.3\spring-boot-test-autoconfigure-3.4.3.jar;C:\Users\hiepg\.m2\repository\com\jayway\jsonpath\json-path\2.9.0\json-path-2.9.0.jar;C:\Users\hiepg\.m2\repository\jakarta\xml\bind\jakarta.xml.bind-api\4.0.2\jakarta.xml.bind-api-4.0.2.jar;C:\Users\hiepg\.m2\repository\jakarta\activation\jakarta.activation-api\2.1.3\jakarta.activation-api-2.1.3.jar;C:\Users\hiepg\.m2\repository\net\minidev\json-smart\2.5.2\json-smart-2.5.2.jar;C:\Users\hiepg\.m2\repository\net\minidev\accessors-smart\2.5.2\accessors-smart-2.5.2.jar;C:\Users\hiepg\.m2\repository\org\assertj\assertj-core\3.26.3\assertj-core-3.26.3.jar;C:\Users\hiepg\.m2\repository\net\bytebuddy\byte-buddy\1.15.11\byte-buddy-1.15.11.jar;C:\Users\hiepg\.m2\repository\org\awaitility\awaitility\4.2.2\awaitility-4.2.2.jar;C:\Users\hiepg\.m2\repository\org\hamcrest\hamcrest\2.2\hamcrest-2.2.jar;C:\Users\hiepg\.m2\repository\org\junit\jupiter\junit-jupiter\5.11.4\junit-jupiter-5.11.4.jar;C:\Users\hiepg\.m2\repository\org\junit\jupiter\junit-jupiter-api\5.11.4\junit-jupiter-api-5.11.4.jar;C:\Users\hiepg\.m2\repository\org\opentest4j\opentest4j\1.3.0\opentest4j-1.3.0.jar;C:\Users\hiepg\.m2\repository\org\junit\platform\junit-platform-commons\1.11.4\junit-platform-commons-1.11.4.jar;C:\Users\hiepg\.m2\repository\org\apiguardian\apiguardian-api\1.1.2\apiguardian-api-1.1.2.jar;C:\Users\hiepg\.m2\repository\org\junit\jupiter\junit-jupiter-params\5.11.4\junit-jupiter-params-5.11.4.jar;C:\Users\hiepg\.m2\repository\org\junit\jupiter\junit-jupiter-engine\5.11.4\junit-jupiter-engine-5.11.4.jar;C:\Users\hiepg\.m2\repository\org\junit\platform\junit-platform-engine\1.11.4\junit-platform-engine-1.11.4.jar;C:\Users\hiepg\.m2\repository\org\mockito\mockito-core\5.14.2\mockito-core-5.14.2.jar;C:\Users\hiepg\.m2\repository\net\bytebuddy\byte-buddy-agent\1.15.11\byte-buddy-agent-1.15.11.jar;C:\Users\hiepg\.m2\repository\org\objenesis\objenesis\3.3\objenesis-3.3.jar;C:\Users\hiepg\.m2\repository\org\mockito\mockito-junit-jupiter\5.14.2\mockito-junit-jupiter-5.14.2.jar;C:\Users\hiepg\.m2\repository\org\skyscreamer\jsonassert\1.5.3\jsonassert-1.5.3.jar;C:\Users\hiepg\.m2\repository\com\vaadin\external\google\android-json\0.0.20131108.vaadin1\android-json-0.0.20131108.vaadin1.jar;C:\Users\hiepg\.m2\repository\org\springframework\spring-core\6.2.3\spring-core-6.2.3.jar;C:\Users\hiepg\.m2\repository\org\springframework\spring-jcl\6.2.3\spring-jcl-6.2.3.jar;C:\Users\hiepg\.m2\repository\org\springframework\spring-test\6.2.3\spring-test-6.2.3.jar;C:\Users\hiepg\.m2\repository\org\xmlunit\xmlunit-core\2.10.0\xmlunit-core-2.10.0.jar;C:\Users\hiepg\.m2\repository\io\projectreactor\reactor-test\3.7.3\reactor-test-3.7.3.jar;C:\Users\hiepg\.m2\repository\org\springframework\security\spring-security-test\6.4.3\spring-security-test-6.4.3.jar;C:\Users\hiepg\.m2\repository\org\springframework\security\spring-security-core\6.4.3\spring-security-core-6.4.3.jar;C:\Users\hiepg\.m2\repository\org\springframework\security\spring-security-crypto\6.4.3\spring-security-crypto-6.4.3.jar;C:\Users\hiepg\.m2\repository\io\jsonwebtoken\jjwt-api\0.11.5\jjwt-api-0.11.5.jar;C:\Users\hiepg\.m2\repository\io\jsonwebtoken\jjwt-impl\0.11.5\jjwt-impl-0.11.5.jar;C:\Users\hiepg\.m2\repository\io\jsonwebtoken\jjwt-jackson\0.11.5\jjwt-jackson-0.11.5.jar;C:\Users\hiepg\.m2\repository\com\fasterxml\jackson\core\jackson-databind\2.18.2\jackson-databind-2.18.2.jar;C:\Users\hiepg\.m2\repository\com\fasterxml\jackson\core\jackson-core\2.18.2\jackson-core-2.18.2.jar;C:\Users\hiepg\.m2\repository\org\springframework\batch\spring-batch-core\5.0.0\spring-batch-core-5.0.0.jar;C:\Users\hiepg\.m2\repository\org\springframework\batch\spring-batch-infrastructure\5.2.1\spring-batch-infrastructure-5.2.1.jar;C:\Users\hiepg\.m2\repository\org\springframework\retry\spring-retry\2.0.11\spring-retry-2.0.11.jar;C:\Users\hiepg\.m2\repository\org\springframework\spring-beans\6.2.3\spring-beans-6.2.3.jar;C:\Users\hiepg\.m2\repository\org\springframework\spring-context\6.2.3\spring-context-6.2.3.jar;C:\Users\hiepg\.m2\repository\org\springframework\spring-tx\6.2.3\spring-tx-6.2.3.jar;C:\Users\hiepg\.m2\repository\org\springframework\spring-jdbc\6.2.3\spring-jdbc-6.2.3.jar;C:\Users\hiepg\.m2\repository\io\micrometer\micrometer-core\1.14.4\micrometer-core-1.14.4.jar;C:\Users\hiepg\.m2\repository\io\micrometer\micrometer-commons\1.14.4\micrometer-commons-1.14.4.jar;C:\Users\hiepg\.m2\repository\org\hdrhistogram\HdrHistogram\2.2.2\HdrHistogram-2.2.2.jar;C:\Users\hiepg\.m2\repository\org\latencyutils\LatencyUtils\2.0.3\LatencyUtils-2.0.3.jar;C:\Users\hiepg\.m2\repository\io\micrometer\micrometer-observation\1.14.4\micrometer-observation-1.14.4.jar;C:\Users\hiepg\.m2\repository\org\jobrunr\jobrunr-spring-boot-3-starter\7.4.1\jobrunr-spring-boot-3-starter-7.4.1.jar;C:\Users\hiepg\.m2\repository\org\jobrunr\jobrunr\7.4.1\jobrunr-7.4.1.jar;C:\Users\hiepg\.m2\repository\org\ow2\asm\asm\9.7.1\asm-9.7.1.jar;"/>
    <property name="java.vm.vendor" value="Oracle Corporation"/>
    <property name="sun.arch.data.model" value="64"/>
    <property name="user.variant" value=""/>
    <property name="java.vendor.url" value="https://java.oracle.com/"/>
    <property name="user.timezone" value="Asia/Saigon"/>
    <property name="os.name" value="Windows 10"/>
    <property name="java.vm.specification.version" value="22"/>
    <property name="APPLICATION_NAME" value="account-service"/>
    <property name="sun.java.launcher" value="SUN_STANDARD"/>
    <property name="user.country" value="US"/>
    <property name="sun.boot.library.path" value="D:\Program Files\Java\jdk-22\bin"/>
    <property name="sun.java.command" value="C:\Users\hiepg\AppData\Local\Temp\surefire18208437860258410764\surefirebooter-20250331213714256_3.jar C:\Users\hiepg\AppData\Local\Temp\surefire18208437860258410764 2025-03-31T21-37-13_640-jvmRun1 surefire-20250331213714256_1tmp surefire_0-20250331213714256_2tmp"/>
    <property name="jdk.debug" value="release"/>
    <property name="surefire.test.class.path" value="D:\Code\Big Apps\Hybrid-Blockchain-Based-Stock-Trading-Platform-with-Arbitrage-Bot\BE\account-service\target\test-classes;D:\Code\Big Apps\Hybrid-Blockchain-Based-Stock-Trading-Platform-with-Arbitrage-Bot\BE\account-service\target\classes;C:\Users\hiepg\.m2\repository\org\springframework\boot\spring-boot-starter-data-mongodb\3.4.3\spring-boot-starter-data-mongodb-3.4.3.jar;C:\Users\hiepg\.m2\repository\org\springframework\boot\spring-boot-starter\3.4.3\spring-boot-starter-3.4.3.jar;C:\Users\hiepg\.m2\repository\org\springframework\boot\spring-boot\3.4.3\spring-boot-3.4.3.jar;C:\Users\hiepg\.m2\repository\org\springframework\boot\spring-boot-autoconfigure\3.4.3\spring-boot-autoconfigure-3.4.3.jar;C:\Users\hiepg\.m2\repository\org\springframework\boot\spring-boot-starter-logging\3.4.3\spring-boot-starter-logging-3.4.3.jar;C:\Users\hiepg\.m2\repository\ch\qos\logback\logback-classic\1.5.16\logback-classic-1.5.16.jar;C:\Users\hiepg\.m2\repository\ch\qos\logback\logback-core\1.5.16\logback-core-1.5.16.jar;C:\Users\hiepg\.m2\repository\org\apache\logging\log4j\log4j-to-slf4j\2.24.3\log4j-to-slf4j-2.24.3.jar;C:\Users\hiepg\.m2\repository\org\apache\logging\log4j\log4j-api\2.24.3\log4j-api-2.24.3.jar;C:\Users\hiepg\.m2\repository\org\slf4j\jul-to-slf4j\2.0.16\jul-to-slf4j-2.0.16.jar;C:\Users\hiepg\.m2\repository\jakarta\annotation\jakarta.annotation-api\2.1.1\jakarta.annotation-api-2.1.1.jar;C:\Users\hiepg\.m2\repository\org\yaml\snakeyaml\2.3\snakeyaml-2.3.jar;C:\Users\hiepg\.m2\repository\org\mongodb\mongodb-driver-sync\5.2.1\mongodb-driver-sync-5.2.1.jar;C:\Users\hiepg\.m2\repository\org\mongodb\bson\5.2.1\bson-5.2.1.jar;C:\Users\hiepg\.m2\repository\org\mongodb\mongodb-driver-core\5.2.1\mongodb-driver-core-5.2.1.jar;C:\Users\hiepg\.m2\repository\org\mongodb\bson-record-codec\5.2.1\bson-record-codec-5.2.1.jar;C:\Users\hiepg\.m2\repository\org\springframework\data\spring-data-mongodb\4.4.3\spring-data-mongodb-4.4.3.jar;C:\Users\hiepg\.m2\repository\org\springframework\spring-expression\6.2.3\spring-expression-6.2.3.jar;C:\Users\hiepg\.m2\repository\org\springframework\data\spring-data-commons\3.4.3\spring-data-commons-3.4.3.jar;C:\Users\hiepg\.m2\repository\org\slf4j\slf4j-api\2.0.16\slf4j-api-2.0.16.jar;C:\Users\hiepg\.m2\repository\org\springframework\boot\spring-boot-starter-data-mongodb-reactive\3.4.3\spring-boot-starter-data-mongodb-reactive-3.4.3.jar;C:\Users\hiepg\.m2\repository\io\projectreactor\reactor-core\3.7.3\reactor-core-3.7.3.jar;C:\Users\hiepg\.m2\repository\org\reactivestreams\reactive-streams\1.0.4\reactive-streams-1.0.4.jar;C:\Users\hiepg\.m2\repository\org\mongodb\mongodb-driver-reactivestreams\5.2.1\mongodb-driver-reactivestreams-5.2.1.jar;C:\Users\hiepg\.m2\repository\org\springframework\boot\spring-boot-starter-data-redis\3.4.3\spring-boot-starter-data-redis-3.4.3.jar;C:\Users\hiepg\.m2\repository\io\lettuce\lettuce-core\6.4.2.RELEASE\lettuce-core-6.4.2.RELEASE.jar;C:\Users\hiepg\.m2\repository\io\netty\netty-common\4.1.118.Final\netty-common-4.1.118.Final.jar;C:\Users\hiepg\.m2\repository\io\netty\netty-handler\4.1.118.Final\netty-handler-4.1.118.Final.jar;C:\Users\hiepg\.m2\repository\io\netty\netty-resolver\4.1.118.Final\netty-resolver-4.1.118.Final.jar;C:\Users\hiepg\.m2\repository\io\netty\netty-buffer\4.1.118.Final\netty-buffer-4.1.118.Final.jar;C:\Users\hiepg\.m2\repository\io\netty\netty-transport-native-unix-common\4.1.118.Final\netty-transport-native-unix-common-4.1.118.Final.jar;C:\Users\hiepg\.m2\repository\io\netty\netty-codec\4.1.118.Final\netty-codec-4.1.118.Final.jar;C:\Users\hiepg\.m2\repository\io\netty\netty-transport\4.1.118.Final\netty-transport-4.1.118.Final.jar;C:\Users\hiepg\.m2\repository\org\springframework\data\spring-data-redis\3.4.3\spring-data-redis-3.4.3.jar;C:\Users\hiepg\.m2\repository\org\springframework\data\spring-data-keyvalue\3.4.3\spring-data-keyvalue-3.4.3.jar;C:\Users\hiepg\.m2\repository\org\springframework\spring-oxm\6.2.3\spring-oxm-6.2.3.jar;C:\Users\hiepg\.m2\repository\org\springframework\spring-context-support\6.2.3\spring-context-support-6.2.3.jar;C:\Users\hiepg\.m2\repository\org\springframework\boot\spring-boot-starter-data-redis-reactive\3.4.3\spring-boot-starter-data-redis-reactive-3.4.3.jar;C:\Users\hiepg\.m2\repository\org\springframework\boot\spring-boot-starter-data-rest\3.4.3\spring-boot-starter-data-rest-3.4.3.jar;C:\Users\hiepg\.m2\repository\org\springframework\data\spring-data-rest-webmvc\4.4.3\spring-data-rest-webmvc-4.4.3.jar;C:\Users\hiepg\.m2\repository\org\springframework\data\spring-data-rest-core\4.4.3\spring-data-rest-core-4.4.3.jar;C:\Users\hiepg\.m2\repository\org\springframework\hateoas\spring-hateoas\2.4.1\spring-hateoas-2.4.1.jar;C:\Users\hiepg\.m2\repository\org\springframework\plugin\spring-plugin-core\3.0.0\spring-plugin-core-3.0.0.jar;C:\Users\hiepg\.m2\repository\org\atteo\evo-inflector\1.3\evo-inflector-1.3.jar;C:\Users\hiepg\.m2\repository\com\fasterxml\jackson\core\jackson-annotations\2.18.2\jackson-annotations-2.18.2.jar;C:\Users\hiepg\.m2\repository\org\springframework\boot\spring-boot-starter-security\3.4.3\spring-boot-starter-security-3.4.3.jar;C:\Users\hiepg\.m2\repository\org\springframework\spring-aop\6.2.3\spring-aop-6.2.3.jar;C:\Users\hiepg\.m2\repository\org\springframework\security\spring-security-config\6.4.3\spring-security-config-6.4.3.jar;C:\Users\hiepg\.m2\repository\org\springframework\security\spring-security-web\6.4.3\spring-security-web-6.4.3.jar;C:\Users\hiepg\.m2\repository\org\springframework\boot\spring-boot-starter-web\3.4.3\spring-boot-starter-web-3.4.3.jar;C:\Users\hiepg\.m2\repository\org\springframework\boot\spring-boot-starter-json\3.4.3\spring-boot-starter-json-3.4.3.jar;C:\Users\hiepg\.m2\repository\com\fasterxml\jackson\datatype\jackson-datatype-jdk8\2.18.2\jackson-datatype-jdk8-2.18.2.jar;C:\Users\hiepg\.m2\repository\com\fasterxml\jackson\datatype\jackson-datatype-jsr310\2.18.2\jackson-datatype-jsr310-2.18.2.jar;C:\Users\hiepg\.m2\repository\com\fasterxml\jackson\module\jackson-module-parameter-names\2.18.2\jackson-module-parameter-names-2.18.2.jar;C:\Users\hiepg\.m2\repository\org\springframework\boot\spring-boot-starter-tomcat\3.4.3\spring-boot-starter-tomcat-3.4.3.jar;C:\Users\hiepg\.m2\repository\org\apache\tomcat\embed\tomcat-embed-core\10.1.36\tomcat-embed-core-10.1.36.jar;C:\Users\hiepg\.m2\repository\org\apache\tomcat\embed\tomcat-embed-el\10.1.36\tomcat-embed-el-10.1.36.jar;C:\Users\hiepg\.m2\repository\org\apache\tomcat\embed\tomcat-embed-websocket\10.1.36\tomcat-embed-websocket-10.1.36.jar;C:\Users\hiepg\.m2\repository\org\springframework\spring-web\6.2.3\spring-web-6.2.3.jar;C:\Users\hiepg\.m2\repository\org\springframework\spring-webmvc\6.2.3\spring-webmvc-6.2.3.jar;C:\Users\hiepg\.m2\repository\org\projectlombok\lombok\1.18.36\lombok-1.18.36.jar;C:\Users\hiepg\.m2\repository\org\springframework\boot\spring-boot-starter-test\3.4.3\spring-boot-starter-test-3.4.3.jar;C:\Users\hiepg\.m2\repository\org\springframework\boot\spring-boot-test\3.4.3\spring-boot-test-3.4.3.jar;C:\Users\hiepg\.m2\repository\org\springframework\boot\spring-boot-test-autoconfigure\3.4.3\spring-boot-test-autoconfigure-3.4.3.jar;C:\Users\hiepg\.m2\repository\com\jayway\jsonpath\json-path\2.9.0\json-path-2.9.0.jar;C:\Users\hiepg\.m2\repository\jakarta\xml\bind\jakarta.xml.bind-api\4.0.2\jakarta.xml.bind-api-4.0.2.jar;C:\Users\hiepg\.m2\repository\jakarta\activation\jakarta.activation-api\2.1.3\jakarta.activation-api-2.1.3.jar;C:\Users\hiepg\.m2\repository\net\minidev\json-smart\2.5.2\json-smart-2.5.2.jar;C:\Users\hiepg\.m2\repository\net\minidev\accessors-smart\2.5.2\accessors-smart-2.5.2.jar;C:\Users\hiepg\.m2\repository\org\assertj\assertj-core\3.26.3\assertj-core-3.26.3.jar;C:\Users\hiepg\.m2\repository\net\bytebuddy\byte-buddy\1.15.11\byte-buddy-1.15.11.jar;C:\Users\hiepg\.m2\repository\org\awaitility\awaitility\4.2.2\awaitility-4.2.2.jar;C:\Users\hiepg\.m2\repository\org\hamcrest\hamcrest\2.2\hamcrest-2.2.jar;C:\Users\hiepg\.m2\repository\org\junit\jupiter\junit-jupiter\5.11.4\junit-jupiter-5.11.4.jar;C:\Users\hiepg\.m2\repository\org\junit\jupiter\junit-jupiter-api\5.11.4\junit-jupiter-api-5.11.4.jar;C:\Users\hiepg\.m2\repository\org\opentest4j\opentest4j\1.3.0\opentest4j-1.3.0.jar;C:\Users\hiepg\.m2\repository\org\junit\platform\junit-platform-commons\1.11.4\junit-platform-commons-1.11.4.jar;C:\Users\hiepg\.m2\repository\org\apiguardian\apiguardian-api\1.1.2\apiguardian-api-1.1.2.jar;C:\Users\hiepg\.m2\repository\org\junit\jupiter\junit-jupiter-params\5.11.4\junit-jupiter-params-5.11.4.jar;C:\Users\hiepg\.m2\repository\org\junit\jupiter\junit-jupiter-engine\5.11.4\junit-jupiter-engine-5.11.4.jar;C:\Users\hiepg\.m2\repository\org\junit\platform\junit-platform-engine\1.11.4\junit-platform-engine-1.11.4.jar;C:\Users\hiepg\.m2\repository\org\mockito\mockito-core\5.14.2\mockito-core-5.14.2.jar;C:\Users\hiepg\.m2\repository\net\bytebuddy\byte-buddy-agent\1.15.11\byte-buddy-agent-1.15.11.jar;C:\Users\hiepg\.m2\repository\org\objenesis\objenesis\3.3\objenesis-3.3.jar;C:\Users\hiepg\.m2\repository\org\mockito\mockito-junit-jupiter\5.14.2\mockito-junit-jupiter-5.14.2.jar;C:\Users\hiepg\.m2\repository\org\skyscreamer\jsonassert\1.5.3\jsonassert-1.5.3.jar;C:\Users\hiepg\.m2\repository\com\vaadin\external\google\android-json\0.0.20131108.vaadin1\android-json-0.0.20131108.vaadin1.jar;C:\Users\hiepg\.m2\repository\org\springframework\spring-core\6.2.3\spring-core-6.2.3.jar;C:\Users\hiepg\.m2\repository\org\springframework\spring-jcl\6.2.3\spring-jcl-6.2.3.jar;C:\Users\hiepg\.m2\repository\org\springframework\spring-test\6.2.3\spring-test-6.2.3.jar;C:\Users\hiepg\.m2\repository\org\xmlunit\xmlunit-core\2.10.0\xmlunit-core-2.10.0.jar;C:\Users\hiepg\.m2\repository\io\projectreactor\reactor-test\3.7.3\reactor-test-3.7.3.jar;C:\Users\hiepg\.m2\repository\org\springframework\security\spring-security-test\6.4.3\spring-security-test-6.4.3.jar;C:\Users\hiepg\.m2\repository\org\springframework\security\spring-security-core\6.4.3\spring-security-core-6.4.3.jar;C:\Users\hiepg\.m2\repository\org\springframework\security\spring-security-crypto\6.4.3\spring-security-crypto-6.4.3.jar;C:\Users\hiepg\.m2\repository\io\jsonwebtoken\jjwt-api\0.11.5\jjwt-api-0.11.5.jar;C:\Users\hiepg\.m2\repository\io\jsonwebtoken\jjwt-impl\0.11.5\jjwt-impl-0.11.5.jar;C:\Users\hiepg\.m2\repository\io\jsonwebtoken\jjwt-jackson\0.11.5\jjwt-jackson-0.11.5.jar;C:\Users\hiepg\.m2\repository\com\fasterxml\jackson\core\jackson-databind\2.18.2\jackson-databind-2.18.2.jar;C:\Users\hiepg\.m2\repository\com\fasterxml\jackson\core\jackson-core\2.18.2\jackson-core-2.18.2.jar;C:\Users\hiepg\.m2\repository\org\springframework\batch\spring-batch-core\5.0.0\spring-batch-core-5.0.0.jar;C:\Users\hiepg\.m2\repository\org\springframework\batch\spring-batch-infrastructure\5.2.1\spring-batch-infrastructure-5.2.1.jar;C:\Users\hiepg\.m2\repository\org\springframework\retry\spring-retry\2.0.11\spring-retry-2.0.11.jar;C:\Users\hiepg\.m2\repository\org\springframework\spring-beans\6.2.3\spring-beans-6.2.3.jar;C:\Users\hiepg\.m2\repository\org\springframework\spring-context\6.2.3\spring-context-6.2.3.jar;C:\Users\hiepg\.m2\repository\org\springframework\spring-tx\6.2.3\spring-tx-6.2.3.jar;C:\Users\hiepg\.m2\repository\org\springframework\spring-jdbc\6.2.3\spring-jdbc-6.2.3.jar;C:\Users\hiepg\.m2\repository\io\micrometer\micrometer-core\1.14.4\micrometer-core-1.14.4.jar;C:\Users\hiepg\.m2\repository\io\micrometer\micrometer-commons\1.14.4\micrometer-commons-1.14.4.jar;C:\Users\hiepg\.m2\repository\org\hdrhistogram\HdrHistogram\2.2.2\HdrHistogram-2.2.2.jar;C:\Users\hiepg\.m2\repository\org\latencyutils\LatencyUtils\2.0.3\LatencyUtils-2.0.3.jar;C:\Users\hiepg\.m2\repository\io\micrometer\micrometer-observation\1.14.4\micrometer-observation-1.14.4.jar;C:\Users\hiepg\.m2\repository\org\jobrunr\jobrunr-spring-boot-3-starter\7.4.1\jobrunr-spring-boot-3-starter-7.4.1.jar;C:\Users\hiepg\.m2\repository\org\jobrunr\jobrunr\7.4.1\jobrunr-7.4.1.jar;C:\Users\hiepg\.m2\repository\org\ow2\asm\asm\9.7.1\asm-9.7.1.jar;"/>
    <property name="sun.cpu.endian" value="little"/>
    <property name="user.home" value="C:\Users\hiepg"/>
    <property name="user.language" value="en"/>
    <property name="java.specification.vendor" value="Oracle Corporation"/>
    <property name="java.version.date" value="2024-07-16"/>
    <property name="java.home" value="D:\Program Files\Java\jdk-22"/>
    <property name="file.separator" value="\"/>
    <property name="basedir" value="D:\Code\Big Apps\Hybrid-Blockchain-Based-Stock-Trading-Platform-with-Arbitrage-Bot\BE\account-service"/>
    <property name="java.vm.compressedOopsMode" value="Zero based"/>
    <property name="line.separator" value="&#10;"/>
    <property name="java.vm.specification.vendor" value="Oracle Corporation"/>
    <property name="java.specification.name" value="Java Platform API Specification"/>
    <property name="FILE_LOG_CHARSET" value="UTF-8"/>
    <property name="java.awt.headless" value="true"/>
    <property name="surefire.real.class.path" value="C:\Users\hiepg\AppData\Local\Temp\surefire18208437860258410764\surefirebooter-20250331213714256_3.jar"/>
    <property name="user.script" value=""/>
    <property name="sun.management.compiler" value="HotSpot 64-Bit Tiered Compilers"/>
    <property name="java.runtime.version" value="22.0.2+9-70"/>
    <property name="user.name" value="hiepg"/>
    <property name="stdout.encoding" value="Cp1252"/>
    <property name="path.separator" value=";"/>
    <property name="os.version" value="10.0"/>
    <property name="java.runtime.name" value="Java(TM) SE Runtime Environment"/>
    <property name="file.encoding" value="UTF-8"/>
    <property name="java.vm.name" value="Java HotSpot(TM) 64-Bit Server VM"/>
    <property name="localRepository" value="C:\Users\hiepg\.m2\repository"/>
    <property name="java.vendor.url.bug" value="https://bugreport.java.com/bugreport/"/>
    <property name="java.io.tmpdir" value="C:\Users\hiepg\AppData\Local\Temp\"/>
    <property name="java.version" value="22.0.2"/>
    <property name="user.dir" value="D:\Code\Big Apps\Hybrid-Blockchain-Based-Stock-Trading-Platform-with-Arbitrage-Bot\BE\account-service"/>
    <property name="os.arch" value="amd64"/>
    <property name="java.vm.specification.name" value="Java Virtual Machine Specification"/>
    <property name="PID" value="9520"/>
    <property name="sun.os.patch.level" value=""/>
    <property name="CONSOLE_LOG_CHARSET" value="UTF-8"/>
    <property name="native.encoding" value="Cp1252"/>
    <property name="java.library.path" value="D:\Program Files\Java\jdk-22\bin;C:\Windows\Sun\Java\bin;C:\Windows\system32;C:\Windows;C:\Program Files\Common Files\Oracle\Java\javapath;C:\Windows\system32;C:\Windows;C:\Windows\System32\Wbem;C:\Windows\System32\WindowsPowerShell\v1.0\;C:\Windows\System32\OpenSSH\;D:\Program Files\mingw64\bin;D:\Program Files\Python;D:\Program Files\Python\Scripts;C:\Users\hiepg\AppData\Local\Sublime Text\Package Storage\LSP-clangd\clangd_16.0.2\bin;D:\Program Files\Java\jdk-20\bin;D:\Program Files\Git\cmd;C:\Program Files\MySQL\MySQL Server 8.0\bin;C:\Program Files\dotnet\;C:\Windows\System32\WindowsPowerShell\v1.0;C:\Users\hiepg\AppData\Local\Android\Sdk\platform-tools;D:\Program Files\Java\jdk-22\bin;D:\Program Files\apache-maven-3.9.9\bin;C:\Program Files\Microsoft SQL Server\150\Tools\Binn\;C:\Program Files\Microsoft SQL Server\Client SDK\ODBC\170\Tools\Binn\;C:\Program Files\Cloudflare\Cloudflare WARP\;C:\Users\hiepg\AppData\Roaming\nvm;C:\Program Files\nodejs;C:\Program Files\Docker\Docker\resources\bin;D:\Program Files\Python\Scripts\;D:\Program Files\Python\;C:\Users\hiepg\scoop\shims;C:\Program Files\MySQL\MySQL Shell 8.0\bin\;C:\Users\hiepg\AppData\Local\Microsoft\WindowsApps;D:\Program Files\Microsoft VS Code\bin;C:\Program Files\Azure Data Studio\bin;C:\Program Files\Azure Data Studio\bin;D:\Program Files\IntelliJ IDEA 2024.2.0.1\bin;C:\Users\hiepg\AppData\Local\Microsoft\WinGet\Packages\Schniz.fnm_Microsoft.Winget.Source_8wekyb3d8bbwe;D:\Program Files\JetBrains\JetBrains Rider 2024.2.1\bin;C:\Users\hiepg\.dotnet\tools;D:\Program Files\heroku\bin;C:\Users\hiepg\AppData\Local\spicetify;D:\Program Files\Minio;D:\Program Files\Minio Client;C:\Users\hiepg\AppData\Roaming\npm;C:\Users\hiepg\.dotnet\tools;C:\Users\hiepg\bin;C:\Program Files\Docker\Docker\resources\bin;D:\Program Files\mongosh-2.4.0-win32-x64\mongosh-2.4.0-win32-x64\bin;C:\Users\hiepg\AppData\Roaming\nvm;C:\Program Files\nodejs;."/>
    <property name="java.vm.info" value="mixed mode, sharing"/>
    <property name="stderr.encoding" value="Cp1252"/>
    <property name="java.vendor" value="Oracle Corporation"/>
    <property name="java.vm.version" value="22.0.2+9-70"/>
    <property name="sun.io.unicode.encoding" value="UnicodeLittle"/>
    <property name="java.class.version" value="66.0"/>
    <property name="LOGGED_APPLICATION_NAME" value="[account-service] "/>
  </properties>
  <testcase name="contextLoads" classname="com.accountservice.AccountServiceApplicationTests" time="2.176">
    <system-out><![CDATA[21:37:17.538 [main] INFO org.springframework.test.context.support.AnnotationConfigContextLoaderUtils -- Could not detect default configuration classes for test class [com.accountservice.AccountServiceApplicationTests]: AccountServiceApplicationTests does not declare any static, non-private, non-final, nested classes annotated with @Configuration.
21:37:17.925 [main] INFO org.springframework.boot.test.context.SpringBootTestContextBootstrapper -- Found @SpringBootConfiguration com.accountservice.AccountServiceApplication for test class com.accountservice.AccountServiceApplicationTests

  .   ____          _            __ _ _
 /\\ / ___'_ __ _ _(_)_ __  __ _ \ \ \ \
( ( )\___ | '_ | '_| | '_ \/ _` | \ \ \ \
 \\/  ___)| |_)| | | | | || (_| |  ) ) ) )
  '  |____| .__|_| |_|_| |_\__, | / / / /
 =========|_|==============|___/=/_/_/_/

 :: Spring Boot ::                (v3.4.3)

2025-03-31T21:37:19.575+07:00  INFO 9520 --- [account-service] [           main] c.a.AccountServiceApplicationTests       : Starting AccountServiceApplicationTests using Java 22.0.2 with PID 9520 (started by hiepg in D:\Code\Big Apps\Hybrid-Blockchain-Based-Stock-Trading-Platform-with-Arbitrage-Bot\BE\account-service)
2025-03-31T21:37:19.579+07:00  INFO 9520 --- [account-service] [           main] c.a.AccountServiceApplicationTests       : The following 1 profile is active: "product"
2025-03-31T21:37:19.672+07:00 DEBUG 9520 --- [account-service] [           main] o.s.w.c.s.GenericWebApplicationContext   : Refreshing org.springframework.web.context.support.GenericWebApplicationContext@37ff4054
2025-03-31T21:37:22.620+07:00  INFO 9520 --- [account-service] [           main] .s.d.r.c.RepositoryConfigurationDelegate : Multiple Spring Data modules found, entering strict repository configuration mode
2025-03-31T21:37:22.624+07:00  INFO 9520 --- [account-service] [           main] .s.d.r.c.RepositoryConfigurationDelegate : Bootstrapping Spring Data Reactive MongoDB repositories in DEFAULT mode.
2025-03-31T21:37:23.076+07:00  INFO 9520 --- [account-service] [           main] .s.d.r.c.RepositoryConfigurationDelegate : Finished Spring Data repository scanning in 422 ms. Found 0 Reactive MongoDB repository interfaces.
2025-03-31T21:37:23.099+07:00  INFO 9520 --- [account-service] [           main] .s.d.r.c.RepositoryConfigurationDelegate : Multiple Spring Data modules found, entering strict repository configuration mode
2025-03-31T21:37:23.099+07:00  INFO 9520 --- [account-service] [           main] .s.d.r.c.RepositoryConfigurationDelegate : Bootstrapping Spring Data MongoDB repositories in DEFAULT mode.
2025-03-31T21:37:23.236+07:00  INFO 9520 --- [account-service] [           main] .s.d.r.c.RepositoryConfigurationDelegate : Finished Spring Data repository scanning in 132 ms. Found 5 MongoDB repository interfaces.
2025-03-31T21:37:23.321+07:00  INFO 9520 --- [account-service] [           main] .s.d.r.c.RepositoryConfigurationDelegate : Multiple Spring Data modules found, entering strict repository configuration mode
2025-03-31T21:37:23.325+07:00  INFO 9520 --- [account-service] [           main] .s.d.r.c.RepositoryConfigurationDelegate : Bootstrapping Spring Data Redis repositories in DEFAULT mode.
2025-03-31T21:37:23.469+07:00  INFO 9520 --- [account-service] [           main] .RepositoryConfigurationExtensionSupport : Spring Data Redis - Could not safely identify store assignment for repository candidate interface com.accountservice.repository.BalanceHistoryRepository; If you want this repository to be a Redis repository, consider annotating your entities with one of these annotations: org.springframework.data.redis.core.RedisHash (preferred), or consider extending one of the following types with your repository: org.springframework.data.keyvalue.repository.KeyValueRepository
2025-03-31T21:37:23.470+07:00  INFO 9520 --- [account-service] [           main] .RepositoryConfigurationExtensionSupport : Spring Data Redis - Could not safely identify store assignment for repository candidate interface com.accountservice.repository.BalanceRepository; If you want this repository to be a Redis repository, consider annotating your entities with one of these annotations: org.springframework.data.redis.core.RedisHash (preferred), or consider extending one of the following types with your repository: org.springframework.data.keyvalue.repository.KeyValueRepository
2025-03-31T21:37:23.470+07:00  INFO 9520 --- [account-service] [           main] .RepositoryConfigurationExtensionSupport : Spring Data Redis - Could not safely identify store assignment for repository candidate interface com.accountservice.repository.PaymentMethodRepository; If you want this repository to be a Redis repository, consider annotating your entities with one of these annotations: org.springframework.data.redis.core.RedisHash (preferred), or consider extending one of the following types with your repository: org.springframework.data.keyvalue.repository.KeyValueRepository
2025-03-31T21:37:23.471+07:00  INFO 9520 --- [account-service] [           main] .RepositoryConfigurationExtensionSupport : Spring Data Redis - Could not safely identify store assignment for repository candidate interface com.accountservice.repository.TradingAccountRepository; If you want this repository to be a Redis repository, consider annotating your entities with one of these annotations: org.springframework.data.redis.core.RedisHash (preferred), or consider extending one of the following types with your repository: org.springframework.data.keyvalue.repository.KeyValueRepository
2025-03-31T21:37:23.472+07:00  INFO 9520 --- [account-service] [           main] .RepositoryConfigurationExtensionSupport : Spring Data Redis - Could not safely identify store assignment for repository candidate interface com.accountservice.repository.TransactionRepository; If you want this repository to be a Redis repository, consider annotating your entities with one of these annotations: org.springframework.data.redis.core.RedisHash (preferred), or consider extending one of the following types with your repository: org.springframework.data.keyvalue.repository.KeyValueRepository
2025-03-31T21:37:23.473+07:00  INFO 9520 --- [account-service] [           main] .s.d.r.c.RepositoryConfigurationDelegate : Finished Spring Data repository scanning in 73 ms. Found 0 Redis repository interfaces.
2025-03-31T21:37:26.979+07:00  INFO 9520 --- [account-service] [lgk.mongodb.net] org.mongodb.driver.cluster               : Adding discovered server cluster-1-shard-00-02.rylgk.mongodb.net:27017 to client view of cluster
2025-03-31T21:37:27.012+07:00  INFO 9520 --- [account-service] [           main] org.mongodb.driver.client                : MongoClient with metadata {"application": {"name": "Cluster-1"}, "driver": {"name": "mongo-java-driver|sync|spring-boot", "version": "5.2.1"}, "os": {"type": "Windows", "name": "Windows 10", "architecture": "amd64", "version": "10.0"}, "platform": "Java/Oracle Corporation/22.0.2+9-70"} created with settings MongoClientSettings{readPreference=primary, writeConcern=WriteConcern{w=majority, wTimeout=null ms, journal=null}, retryWrites=true, retryReads=true, readConcern=ReadConcern{level=null}, credential=MongoCredential{mechanism=null, userName='admin', source='admin', password=<hidden>, mechanismProperties=<hidden>}, transportSettings=NettyTransportSettings{eventLoopGroup=io.netty.channel.nio.NioEventLoopGroup@684372d0, socketChannelClass=null, allocator=null, sslContext=null}, commandListeners=[], codecRegistry=ProvidersCodecRegistry{codecProviders=[ValueCodecProvider{}, BsonValueCodecProvider{}, DBRefCodecProvider{}, DBObjectCodecProvider{}, DocumentCodecProvider{}, CollectionCodecProvider{}, IterableCodecProvider{}, MapCodecProvider{}, GeoJsonCodecProvider{}, GridFSFileCodecProvider{}, Jsr310CodecProvider{}, JsonObjectCodecProvider{}, BsonCodecProvider{}, EnumCodecProvider{}, com.mongodb.client.model.mql.ExpressionCodecProvider@63dda940, com.mongodb.Jep395RecordCodecProvider@41f964f9, com.mongodb.KotlinCodecProvider@652e345]}, loggerSettings=LoggerSettings{maxDocumentLength=1000}, clusterSettings={hosts=[127.0.0.1:27017], srvHost=cluster-1.rylgk.mongodb.net, srvServiceName=mongodb, mode=MULTIPLE, requiredClusterType=REPLICA_SET, requiredReplicaSetName='atlas-vamz5w-shard-0', serverSelector='null', clusterListeners='[]', serverSelectionTimeout='30000 ms', localThreshold='15 ms'}, socketSettings=SocketSettings{connectTimeoutMS=10000, readTimeoutMS=0, receiveBufferSize=0, proxySettings=ProxySettings{host=null, port=null, username=null, password=null}}, heartbeatSocketSettings=SocketSettings{connectTimeoutMS=10000, readTimeoutMS=10000, receiveBufferSize=0, proxySettings=ProxySettings{host=null, port=null, username=null, password=null}}, connectionPoolSettings=ConnectionPoolSettings{maxSize=100, minSize=0, maxWaitTimeMS=120000, maxConnectionLifeTimeMS=0, maxConnectionIdleTimeMS=0, maintenanceInitialDelayMS=0, maintenanceFrequencyMS=60000, connectionPoolListeners=[], maxConnecting=2}, serverSettings=ServerSettings{heartbeatFrequencyMS=10000, minHeartbeatFrequencyMS=500, serverMonitoringMode=AUTO, serverListeners='[]', serverMonitorListeners='[]'}, sslSettings=SslSettings{enabled=true, invalidHostNameAllowed=false, context=null}, applicationName='Cluster-1', compressorList=[], uuidRepresentation=JAVA_LEGACY, serverApi=null, autoEncryptionSettings=null, dnsClient=null, inetAddressResolver=null, contextProvider=null, timeoutMS=null}
2025-03-31T21:37:27.215+07:00  INFO 9520 --- [account-service] [lgk.mongodb.net] org.mongodb.driver.cluster               : Adding discovered server cluster-1-shard-00-01.rylgk.mongodb.net:27017 to client view of cluster
2025-03-31T21:37:27.266+07:00  INFO 9520 --- [account-service] [lgk.mongodb.net] org.mongodb.driver.cluster               : Adding discovered server cluster-1-shard-00-00.rylgk.mongodb.net:27017 to client view of cluster
2025-03-31T21:37:30.304+07:00  INFO 9520 --- [account-service] [ngodb.net:27017] org.mongodb.driver.cluster               : Monitor thread successfully connected to server with description ServerDescription{address=cluster-1-shard-00-01.rylgk.mongodb.net:27017, type=REPLICA_SET_SECONDARY, cryptd=false, state=CONNECTED, ok=true, minWireVersion=0, maxWireVersion=25, maxDocumentSize=16777216, logicalSessionTimeoutMinutes=30, roundTripTimeNanos=1068792400, minRoundTripTimeNanos=0, setName='atlas-vamz5w-shard-0', canonicalAddress=cluster-1-shard-00-01.rylgk.mongodb.net:27017, hosts=[cluster-1-shard-00-00.rylgk.mongodb.net:27017, cluster-1-shard-00-01.rylgk.mongodb.net:27017, cluster-1-shard-00-02.rylgk.mongodb.net:27017], passives=[], arbiters=[], primary='cluster-1-shard-00-02.rylgk.mongodb.net:27017', tagSet=TagSet{[Tag{name='availabilityZone', value='ape1-az2'}, Tag{name='diskState', value='READY'}, Tag{name='nodeType', value='ELECTABLE'}, Tag{name='provider', value='AWS'}, Tag{name='region', value='AP_EAST_1'}, Tag{name='workloadType', value='OPERATIONAL'}]}, electionId=null, setVersion=11, topologyVersion=TopologyVersion{processId=67d82cb02765945e84a79396, counter=3}, lastWriteDate=Mon Mar 31 21:37:29 ICT 2025, lastUpdateTimeNanos=957346172231900}
2025-03-31T21:37:30.434+07:00  INFO 9520 --- [account-service] [ngodb.net:27017] org.mongodb.driver.cluster               : Monitor thread successfully connected to server with description ServerDescription{address=cluster-1-shard-00-00.rylgk.mongodb.net:27017, type=REPLICA_SET_SECONDARY, cryptd=false, state=CONNECTED, ok=true, minWireVersion=0, maxWireVersion=25, maxDocumentSize=16777216, logicalSessionTimeoutMinutes=30, roundTripTimeNanos=1175143200, minRoundTripTimeNanos=0, setName='atlas-vamz5w-shard-0', canonicalAddress=cluster-1-shard-00-00.rylgk.mongodb.net:27017, hosts=[cluster-1-shard-00-00.rylgk.mongodb.net:27017, cluster-1-shard-00-01.rylgk.mongodb.net:27017, cluster-1-shard-00-02.rylgk.mongodb.net:27017], passives=[], arbiters=[], primary='cluster-1-shard-00-02.rylgk.mongodb.net:27017', tagSet=TagSet{[Tag{name='availabilityZone', value='ape1-az1'}, Tag{name='diskState', value='READY'}, Tag{name='nodeType', value='ELECTABLE'}, Tag{name='provider', value='AWS'}, Tag{name='region', value='AP_EAST_1'}, Tag{name='workloadType', value='OPERATIONAL'}]}, electionId=null, setVersion=11, topologyVersion=TopologyVersion{processId=67dc17d350c920d52fee31bb, counter=3}, lastWriteDate=Mon Mar 31 21:37:29 ICT 2025, lastUpdateTimeNanos=957346278467000}
2025-03-31T21:37:30.455+07:00  INFO 9520 --- [account-service] [ngodb.net:27017] org.mongodb.driver.cluster               : Monitor thread successfully connected to server with description ServerDescription{address=cluster-1-shard-00-02.rylgk.mongodb.net:27017, type=REPLICA_SET_PRIMARY, cryptd=false, state=CONNECTED, ok=true, minWireVersion=0, maxWireVersion=25, maxDocumentSize=16777216, logicalSessionTimeoutMinutes=30, roundTripTimeNanos=1050005400, minRoundTripTimeNanos=0, setName='atlas-vamz5w-shard-0', canonicalAddress=cluster-1-shard-00-02.rylgk.mongodb.net:27017, hosts=[cluster-1-shard-00-00.rylgk.mongodb.net:27017, cluster-1-shard-00-01.rylgk.mongodb.net:27017, cluster-1-shard-00-02.rylgk.mongodb.net:27017], passives=[], arbiters=[], primary='cluster-1-shard-00-02.rylgk.mongodb.net:27017', tagSet=TagSet{[Tag{name='availabilityZone', value='ape1-az3'}, Tag{name='diskState', value='READY'}, Tag{name='nodeType', value='ELECTABLE'}, Tag{name='provider', value='AWS'}, Tag{name='region', value='AP_EAST_1'}, Tag{name='workloadType', value='OPERATIONAL'}]}, electionId=7fffffff000000000000002b, setVersion=11, topologyVersion=TopologyVersion{processId=67d4c278a1bc2fa80382d97c, counter=6}, lastWriteDate=Mon Mar 31 21:37:29 ICT 2025, lastUpdateTimeNanos=957346169267800}
2025-03-31T21:37:30.462+07:00  INFO 9520 --- [account-service] [ngodb.net:27017] org.mongodb.driver.cluster               : Discovered replica set primary cluster-1-shard-00-02.rylgk.mongodb.net:27017 with max election id 7fffffff000000000000002b and max set version 11
2025-03-31T21:37:33.420+07:00  WARN 9520 --- [account-service] [           main] .s.s.UserDetailsServiceAutoConfiguration : 

Using generated security password: c94f2969-8559-4eef-b7ba-8e30fb93ccf7

This generated password is for development use only. Your security configuration must be updated before running your application in production.

2025-03-31T21:37:33.453+07:00  INFO 9520 --- [account-service] [           main] r$InitializeUserDetailsManagerConfigurer : Global AuthenticationManager configured with UserDetailsService bean with name inMemoryUserDetailsManager
2025-03-31T21:37:34.576+07:00 DEBUG 9520 --- [account-service] [           main] s.w.s.m.m.a.RequestMappingHandlerMapping : 9 mappings in 'requestMappingHandlerMapping'
2025-03-31T21:37:34.923+07:00 DEBUG 9520 --- [account-service] [           main] o.s.w.s.handler.SimpleUrlHandlerMapping  : Patterns [/webjars/**, /**] in 'resourceHandlerMapping'
2025-03-31T21:37:36.165+07:00 DEBUG 9520 --- [account-service] [           main] o.s.s.concurrent.ThreadPoolTaskExecutor  : Initializing ExecutorService 'applicationTaskExecutor'
2025-03-31T21:37:36.206+07:00 DEBUG 9520 --- [account-service] [           main] s.w.s.m.m.a.RequestMappingHandlerAdapter : ControllerAdvice beans: 0 @ModelAttribute, 0 @InitBinder, 1 RequestBodyAdvice, 1 ResponseBodyAdvice
2025-03-31T21:37:36.432+07:00 DEBUG 9520 --- [account-service] [           main] .m.m.a.ExceptionHandlerExceptionResolver : ControllerAdvice beans: 1 @ExceptionHandler, 1 ResponseBodyAdvice
2025-03-31T21:37:36.586+07:00 DEBUG 9520 --- [account-service] [           main] .m.m.a.ExceptionHandlerExceptionResolver : ControllerAdvice beans: 1 @ExceptionHandler, 0 ResponseBodyAdvice
2025-03-31T21:37:37.993+07:00  INFO 9520 --- [account-service] [           main] org.mongodb.driver.client                : MongoClient with metadata {"application": {"name": "Cluster-1"}, "driver": {"name": "mongo-java-driver|reactive-streams|spring-boot", "version": "5.2.1"}, "os": {"type": "Windows", "name": "Windows 10", "architecture": "amd64", "version": "10.0"}, "platform": "Java/Oracle Corporation/22.0.2+9-70"} created with settings MongoClientSettings{readPreference=primary, writeConcern=WriteConcern{w=majority, wTimeout=null ms, journal=null}, retryWrites=true, retryReads=true, readConcern=ReadConcern{level=null}, credential=MongoCredential{mechanism=null, userName='admin', source='admin', password=<hidden>, mechanismProperties=<hidden>}, transportSettings=NettyTransportSettings{eventLoopGroup=io.netty.channel.nio.NioEventLoopGroup@5d515e2c, socketChannelClass=null, allocator=null, sslContext=null}, commandListeners=[], codecRegistry=ProvidersCodecRegistry{codecProviders=[ValueCodecProvider{}, BsonValueCodecProvider{}, DBRefCodecProvider{}, DBObjectCodecProvider{}, DocumentCodecProvider{}, CollectionCodecProvider{}, IterableCodecProvider{}, MapCodecProvider{}, GeoJsonCodecProvider{}, GridFSFileCodecProvider{}, Jsr310CodecProvider{}, JsonObjectCodecProvider{}, BsonCodecProvider{}, EnumCodecProvider{}, com.mongodb.client.model.mql.ExpressionCodecProvider@63dda940, com.mongodb.Jep395RecordCodecProvider@41f964f9, com.mongodb.KotlinCodecProvider@652e345]}, loggerSettings=LoggerSettings{maxDocumentLength=1000}, clusterSettings={hosts=[127.0.0.1:27017], srvHost=cluster-1.rylgk.mongodb.net, srvServiceName=mongodb, mode=MULTIPLE, requiredClusterType=REPLICA_SET, requiredReplicaSetName='atlas-vamz5w-shard-0', serverSelector='null', clusterListeners='[]', serverSelectionTimeout='30000 ms', localThreshold='15 ms'}, socketSettings=SocketSettings{connectTimeoutMS=10000, readTimeoutMS=0, receiveBufferSize=0, proxySettings=ProxySettings{host=null, port=null, username=null, password=null}}, heartbeatSocketSettings=SocketSettings{connectTimeoutMS=10000, readTimeoutMS=10000, receiveBufferSize=0, proxySettings=ProxySettings{host=null, port=null, username=null, password=null}}, connectionPoolSettings=ConnectionPoolSettings{maxSize=100, minSize=0, maxWaitTimeMS=120000, maxConnectionLifeTimeMS=0, maxConnectionIdleTimeMS=0, maintenanceInitialDelayMS=0, maintenanceFrequencyMS=60000, connectionPoolListeners=[], maxConnecting=2}, serverSettings=ServerSettings{heartbeatFrequencyMS=10000, minHeartbeatFrequencyMS=500, serverMonitoringMode=AUTO, serverListeners='[]', serverMonitorListeners='[]'}, sslSettings=SslSettings{enabled=true, invalidHostNameAllowed=false, context=null}, applicationName='Cluster-1', compressorList=[], uuidRepresentation=JAVA_LEGACY, serverApi=null, autoEncryptionSettings=null, dnsClient=null, inetAddressResolver=null, contextProvider=null, timeoutMS=null}
2025-03-31T21:37:38.010+07:00  INFO 9520 --- [account-service] [lgk.mongodb.net] org.mongodb.driver.cluster               : Adding discovered server cluster-1-shard-00-02.rylgk.mongodb.net:27017 to client view of cluster
2025-03-31T21:37:38.037+07:00  INFO 9520 --- [account-service] [lgk.mongodb.net] org.mongodb.driver.cluster               : Adding discovered server cluster-1-shard-00-01.rylgk.mongodb.net:27017 to client view of cluster
2025-03-31T21:37:38.044+07:00  INFO 9520 --- [account-service] [lgk.mongodb.net] org.mongodb.driver.cluster               : Adding discovered server cluster-1-shard-00-00.rylgk.mongodb.net:27017 to client view of cluster
2025-03-31T21:37:38.229+07:00  INFO 9520 --- [account-service] [ngodb.net:27017] org.mongodb.driver.cluster               : Monitor thread successfully connected to server with description ServerDescription{address=cluster-1-shard-00-01.rylgk.mongodb.net:27017, type=REPLICA_SET_SECONDARY, cryptd=false, state=CONNECTED, ok=true, minWireVersion=0, maxWireVersion=25, maxDocumentSize=16777216, logicalSessionTimeoutMinutes=30, roundTripTimeNanos=65350800, minRoundTripTimeNanos=0, setName='atlas-vamz5w-shard-0', canonicalAddress=cluster-1-shard-00-01.rylgk.mongodb.net:27017, hosts=[cluster-1-shard-00-00.rylgk.mongodb.net:27017, cluster-1-shard-00-01.rylgk.mongodb.net:27017, cluster-1-shard-00-02.rylgk.mongodb.net:27017], passives=[], arbiters=[], primary='cluster-1-shard-00-02.rylgk.mongodb.net:27017', tagSet=TagSet{[Tag{name='availabilityZone', value='ape1-az2'}, Tag{name='diskState', value='READY'}, Tag{name='nodeType', value='ELECTABLE'}, Tag{name='provider', value='AWS'}, Tag{name='region', value='AP_EAST_1'}, Tag{name='workloadType', value='OPERATIONAL'}]}, electionId=null, setVersion=11, topologyVersion=TopologyVersion{processId=67d82cb02765945e84a79396, counter=3}, lastWriteDate=Mon Mar 31 21:37:38 ICT 2025, lastUpdateTimeNanos=957354108138900}
2025-03-31T21:37:38.235+07:00  INFO 9520 --- [account-service] [ngodb.net:27017] org.mongodb.driver.cluster               : Monitor thread successfully connected to server with description ServerDescription{address=cluster-1-shard-00-02.rylgk.mongodb.net:27017, type=REPLICA_SET_PRIMARY, cryptd=false, state=CONNECTED, ok=true, minWireVersion=0, maxWireVersion=25, maxDocumentSize=16777216, logicalSessionTimeoutMinutes=30, roundTripTimeNanos=69035300, minRoundTripTimeNanos=0, setName='atlas-vamz5w-shard-0', canonicalAddress=cluster-1-shard-00-02.rylgk.mongodb.net:27017, hosts=[cluster-1-shard-00-00.rylgk.mongodb.net:27017, cluster-1-shard-00-01.rylgk.mongodb.net:27017, cluster-1-shard-00-02.rylgk.mongodb.net:27017], passives=[], arbiters=[], primary='cluster-1-shard-00-02.rylgk.mongodb.net:27017', tagSet=TagSet{[Tag{name='availabilityZone', value='ape1-az3'}, Tag{name='diskState', value='READY'}, Tag{name='nodeType', value='ELECTABLE'}, Tag{name='provider', value='AWS'}, Tag{name='region', value='AP_EAST_1'}, Tag{name='workloadType', value='OPERATIONAL'}]}, electionId=7fffffff000000000000002b, setVersion=11, topologyVersion=TopologyVersion{processId=67d4c278a1bc2fa80382d97c, counter=6}, lastWriteDate=Mon Mar 31 21:37:38 ICT 2025, lastUpdateTimeNanos=957354112933800}
2025-03-31T21:37:38.237+07:00  INFO 9520 --- [account-service] [ngodb.net:27017] org.mongodb.driver.cluster               : Discovered replica set primary cluster-1-shard-00-02.rylgk.mongodb.net:27017 with max election id 7fffffff000000000000002b and max set version 11
2025-03-31T21:37:38.245+07:00  INFO 9520 --- [account-service] [ngodb.net:27017] org.mongodb.driver.cluster               : Monitor thread successfully connected to server with description ServerDescription{address=cluster-1-shard-00-00.rylgk.mongodb.net:27017, type=REPLICA_SET_SECONDARY, cryptd=false, state=CONNECTED, ok=true, minWireVersion=0, maxWireVersion=25, maxDocumentSize=16777216, logicalSessionTimeoutMinutes=30, roundTripTimeNanos=66316800, minRoundTripTimeNanos=0, setName='atlas-vamz5w-shard-0', canonicalAddress=cluster-1-shard-00-00.rylgk.mongodb.net:27017, hosts=[cluster-1-shard-00-00.rylgk.mongodb.net:27017, cluster-1-shard-00-01.rylgk.mongodb.net:27017, cluster-1-shard-00-02.rylgk.mongodb.net:27017], passives=[], arbiters=[], primary='cluster-1-shard-00-02.rylgk.mongodb.net:27017', tagSet=TagSet{[Tag{name='availabilityZone', value='ape1-az1'}, Tag{name='diskState', value='READY'}, Tag{name='nodeType', value='ELECTABLE'}, Tag{name='provider', value='AWS'}, Tag{name='region', value='AP_EAST_1'}, Tag{name='workloadType', value='OPERATIONAL'}]}, electionId=null, setVersion=11, topologyVersion=TopologyVersion{processId=67dc17d350c920d52fee31bb, counter=3}, lastWriteDate=Mon Mar 31 21:37:38 ICT 2025, lastUpdateTimeNanos=957354124061200}
2025-03-31T21:37:38.750+07:00 DEBUG 9520 --- [account-service] [           main] o.s.s.c.ThreadPoolTaskScheduler          : Initializing ExecutorService 'taskScheduler'
2025-03-31T21:37:38.878+07:00  INFO 9520 --- [account-service] [           main] o.j.s.t.VirtualThreadJobRunrExecutor     : ThreadManager of type 'VirtualThreadPerTask' started
2025-03-31T21:37:39.082+07:00  INFO 9520 --- [account-service] [           main] o.j.dashboard.JobRunrDashboardWebServer  : JobRunr Dashboard using InMemoryStorageProvider started at http://localhost:8079/dashboard
2025-03-31T21:37:39.189+07:00  INFO 9520 --- [account-service] [           main] c.a.AccountServiceApplicationTests       : Started AccountServiceApplicationTests in 20.8 seconds (process running for 24.355)
2025-03-31T21:37:40.333+07:00  INFO 9520 --- [account-service] [pool-4-thread-1] org.jobrunr.server.BackgroundJobServer   : JobRunr BackgroundJobServer (61f0b811-37bd-46b5-8719-296eec9d1c4d) using InMemoryStorageProvider and 64 BackgroundJobPerformers started successfully
2025-03-31T21:37:40.349+07:00  INFO 9520 --- [account-service] [pool-4-thread-1] org.jobrunr.server.ServerZooKeeper       : Server 61f0b811-37bd-46b5-8719-296eec9d1c4d is master (this BackgroundJobServer)
2025-03-31T21:37:40.368+07:00  INFO 9520 --- [account-service] [pool-6-thread-1] o.j.s.t.startup.MigrateFromV5toV6Task    : Migration of scheduled jobs from v5 to v6 not needed as not using an SqlStorageProvider
]]></system-out>
    <system-err><![CDATA[Mockito is currently self-attaching to enable the inline-mock-maker. This will no longer work in future releases of the JDK. Please add Mockito as an agent to your build what is described in Mockito's documentation: https://javadoc.io/doc/org.mockito/mockito-core/latest/org/mockito/Mockito.html#0.3
WARNING: A Java agent has been loaded dynamically (C:\Users\hiepg\.m2\repository\net\bytebuddy\byte-buddy-agent\1.15.11\byte-buddy-agent-1.15.11.jar)
WARNING: If a serviceability tool is in use, please run with -XX:+EnableDynamicAgentLoading to hide this warning
WARNING: If a serviceability tool is not in use, please run with -Djdk.instrument.traceUsage for more information
WARNING: Dynamic loading of agents will be disallowed by default in a future release
]]></system-err>
  </testcase>
</testsuite>