<?xml version="1.0" encoding="UTF-8"?>
<testsuite xmlns:xsi="http://www.w3.org/2001/XMLSchema-instance" xsi:noNamespaceSchemaLocation="https://maven.apache.org/surefire/maven-surefire-plugin/xsd/surefire-test-report-3.0.xsd" version="3.0" name="com.project.apigateway.ApiGatewayApplicationTests" time="47.869" tests="1" errors="0" skipped="0" failures="0">
  <properties>
    <property name="java.specification.version" value="22"/>
    <property name="sun.cpu.isalist" value="amd64"/>
    <property name="sun.jnu.encoding" value="Cp1252"/>
    <property name="java.class.path" value="D:\Code\Big Apps\Hybrid-Blockchain-Based-Stock-Trading-Platform-with-Arbitrage-Bot\BE\API-gateway\target\test-classes;D:\Code\Big Apps\Hybrid-Blockchain-Based-Stock-Trading-Platform-with-Arbitrage-Bot\BE\API-gateway\target\classes;C:\Users\hiepg\.m2\repository\org\springframework\cloud\spring-cloud-starter-gateway\3.1.0\spring-cloud-starter-gateway-3.1.0.jar;C:\Users\hiepg\.m2\repository\org\springframework\cloud\spring-cloud-starter\4.2.0\spring-cloud-starter-4.2.0.jar;C:\Users\hiepg\.m2\repository\org\springframework\cloud\spring-cloud-context\4.2.0\spring-cloud-context-4.2.0.jar;C:\Users\hiepg\.m2\repository\org\springframework\security\spring-security-crypto\6.4.3\spring-security-crypto-6.4.3.jar;C:\Users\hiepg\.m2\repository\org\springframework\cloud\spring-cloud-commons\4.2.0\spring-cloud-commons-4.2.0.jar;C:\Users\hiepg\.m2\repository\org\bouncycastle\bcprov-jdk18on\1.78.1\bcprov-jdk18on-1.78.1.jar;C:\Users\hiepg\.m2\repository\org\springframework\cloud\spring-cloud-gateway-server\4.2.0\spring-cloud-gateway-server-4.2.0.jar;C:\Users\hiepg\.m2\repository\org\springframework\boot\spring-boot-starter-validation\3.4.3\spring-boot-starter-validation-3.4.3.jar;C:\Users\hiepg\.m2\repository\org\apache\tomcat\embed\tomcat-embed-el\10.1.36\tomcat-embed-el-10.1.36.jar;C:\Users\hiepg\.m2\repository\org\hibernate\validator\hibernate-validator\8.0.2.Final\hibernate-validator-8.0.2.Final.jar;C:\Users\hiepg\.m2\repository\jakarta\validation\jakarta.validation-api\3.0.2\jakarta.validation-api-3.0.2.jar;C:\Users\hiepg\.m2\repository\org\jboss\logging\jboss-logging\3.6.1.Final\jboss-logging-3.6.1.Final.jar;C:\Users\hiepg\.m2\repository\com\fasterxml\classmate\1.7.0\classmate-1.7.0.jar;C:\Users\hiepg\.m2\repository\io\projectreactor\addons\reactor-extra\3.5.2\reactor-extra-3.5.2.jar;C:\Users\hiepg\.m2\repository\org\springframework\boot\spring-boot-starter-security\3.4.3\spring-boot-starter-security-3.4.3.jar;C:\Users\hiepg\.m2\repository\org\springframework\boot\spring-boot-starter\3.4.3\spring-boot-starter-3.4.3.jar;C:\Users\hiepg\.m2\repository\org\springframework\boot\spring-boot-autoconfigure\3.4.3\spring-boot-autoconfigure-3.4.3.jar;C:\Users\hiepg\.m2\repository\jakarta\annotation\jakarta.annotation-api\2.1.1\jakarta.annotation-api-2.1.1.jar;C:\Users\hiepg\.m2\repository\org\yaml\snakeyaml\2.3\snakeyaml-2.3.jar;C:\Users\hiepg\.m2\repository\org\springframework\spring-aop\6.2.3\spring-aop-6.2.3.jar;C:\Users\hiepg\.m2\repository\org\springframework\spring-beans\6.2.3\spring-beans-6.2.3.jar;C:\Users\hiepg\.m2\repository\org\springframework\security\spring-security-config\6.4.3\spring-security-config-6.4.3.jar;C:\Users\hiepg\.m2\repository\org\springframework\security\spring-security-core\6.4.3\spring-security-core-6.4.3.jar;C:\Users\hiepg\.m2\repository\org\springframework\spring-context\6.2.3\spring-context-6.2.3.jar;C:\Users\hiepg\.m2\repository\org\springframework\security\spring-security-web\6.4.3\spring-security-web-6.4.3.jar;C:\Users\hiepg\.m2\repository\org\springframework\spring-expression\6.2.3\spring-expression-6.2.3.jar;C:\Users\hiepg\.m2\repository\org\springframework\boot\spring-boot-starter-webflux\3.4.3\spring-boot-starter-webflux-3.4.3.jar;C:\Users\hiepg\.m2\repository\org\springframework\boot\spring-boot-starter-json\3.4.3\spring-boot-starter-json-3.4.3.jar;C:\Users\hiepg\.m2\repository\com\fasterxml\jackson\datatype\jackson-datatype-jdk8\2.18.2\jackson-datatype-jdk8-2.18.2.jar;C:\Users\hiepg\.m2\repository\com\fasterxml\jackson\datatype\jackson-datatype-jsr310\2.18.2\jackson-datatype-jsr310-2.18.2.jar;C:\Users\hiepg\.m2\repository\com\fasterxml\jackson\module\jackson-module-parameter-names\2.18.2\jackson-module-parameter-names-2.18.2.jar;C:\Users\hiepg\.m2\repository\org\springframework\boot\spring-boot-starter-reactor-netty\3.4.3\spring-boot-starter-reactor-netty-3.4.3.jar;C:\Users\hiepg\.m2\repository\io\projectreactor\netty\reactor-netty-http\1.2.3\reactor-netty-http-1.2.3.jar;C:\Users\hiepg\.m2\repository\io\netty\netty-codec-http\4.1.118.Final\netty-codec-http-4.1.118.Final.jar;C:\Users\hiepg\.m2\repository\io\netty\netty-codec-http2\4.1.118.Final\netty-codec-http2-4.1.118.Final.jar;C:\Users\hiepg\.m2\repository\io\netty\netty-resolver-dns\4.1.118.Final\netty-resolver-dns-4.1.118.Final.jar;C:\Users\hiepg\.m2\repository\io\netty\netty-codec-dns\4.1.118.Final\netty-codec-dns-4.1.118.Final.jar;C:\Users\hiepg\.m2\repository\io\netty\netty-resolver-dns-native-macos\4.1.118.Final\netty-resolver-dns-native-macos-4.1.118.Final-osx-x86_64.jar;C:\Users\hiepg\.m2\repository\io\netty\netty-resolver-dns-classes-macos\4.1.118.Final\netty-resolver-dns-classes-macos-4.1.118.Final.jar;C:\Users\hiepg\.m2\repository\io\netty\netty-transport-native-epoll\4.1.118.Final\netty-transport-native-epoll-4.1.118.Final-linux-x86_64.jar;C:\Users\hiepg\.m2\repository\io\netty\netty-transport-classes-epoll\4.1.118.Final\netty-transport-classes-epoll-4.1.118.Final.jar;C:\Users\hiepg\.m2\repository\io\projectreactor\netty\reactor-netty-core\1.2.3\reactor-netty-core-1.2.3.jar;C:\Users\hiepg\.m2\repository\io\netty\netty-handler-proxy\4.1.118.Final\netty-handler-proxy-4.1.118.Final.jar;C:\Users\hiepg\.m2\repository\io\netty\netty-codec-socks\4.1.118.Final\netty-codec-socks-4.1.118.Final.jar;C:\Users\hiepg\.m2\repository\org\springframework\spring-web\6.2.3\spring-web-6.2.3.jar;C:\Users\hiepg\.m2\repository\org\springframework\spring-webflux\6.2.3\spring-webflux-6.2.3.jar;C:\Users\hiepg\.m2\repository\io\jsonwebtoken\jjwt-api\0.11.5\jjwt-api-0.11.5.jar;C:\Users\hiepg\.m2\repository\io\jsonwebtoken\jjwt-impl\0.11.5\jjwt-impl-0.11.5.jar;C:\Users\hiepg\.m2\repository\io\jsonwebtoken\jjwt-jackson\0.11.5\jjwt-jackson-0.11.5.jar;C:\Users\hiepg\.m2\repository\com\fasterxml\jackson\core\jackson-databind\2.18.2\jackson-databind-2.18.2.jar;C:\Users\hiepg\.m2\repository\com\fasterxml\jackson\core\jackson-annotations\2.18.2\jackson-annotations-2.18.2.jar;C:\Users\hiepg\.m2\repository\com\fasterxml\jackson\core\jackson-core\2.18.2\jackson-core-2.18.2.jar;C:\Users\hiepg\.m2\repository\org\springframework\boot\spring-boot-starter-data-redis-reactive\3.4.3\spring-boot-starter-data-redis-reactive-3.4.3.jar;C:\Users\hiepg\.m2\repository\io\lettuce\lettuce-core\6.4.2.RELEASE\lettuce-core-6.4.2.RELEASE.jar;C:\Users\hiepg\.m2\repository\io\netty\netty-common\4.1.118.Final\netty-common-4.1.118.Final.jar;C:\Users\hiepg\.m2\repository\io\netty\netty-handler\4.1.118.Final\netty-handler-4.1.118.Final.jar;C:\Users\hiepg\.m2\repository\io\netty\netty-resolver\4.1.118.Final\netty-resolver-4.1.118.Final.jar;C:\Users\hiepg\.m2\repository\io\netty\netty-buffer\4.1.118.Final\netty-buffer-4.1.118.Final.jar;C:\Users\hiepg\.m2\repository\io\netty\netty-transport-native-unix-common\4.1.118.Final\netty-transport-native-unix-common-4.1.118.Final.jar;C:\Users\hiepg\.m2\repository\io\netty\netty-codec\4.1.118.Final\netty-codec-4.1.118.Final.jar;C:\Users\hiepg\.m2\repository\io\netty\netty-transport\4.1.118.Final\netty-transport-4.1.118.Final.jar;C:\Users\hiepg\.m2\repository\io\projectreactor\reactor-core\3.7.3\reactor-core-3.7.3.jar;C:\Users\hiepg\.m2\repository\org\reactivestreams\reactive-streams\1.0.4\reactive-streams-1.0.4.jar;C:\Users\hiepg\.m2\repository\org\springframework\data\spring-data-redis\3.4.3\spring-data-redis-3.4.3.jar;C:\Users\hiepg\.m2\repository\org\springframework\data\spring-data-keyvalue\3.4.3\spring-data-keyvalue-3.4.3.jar;C:\Users\hiepg\.m2\repository\org\springframework\data\spring-data-commons\3.4.3\spring-data-commons-3.4.3.jar;C:\Users\hiepg\.m2\repository\org\springframework\spring-tx\6.2.3\spring-tx-6.2.3.jar;C:\Users\hiepg\.m2\repository\org\springframework\spring-oxm\6.2.3\spring-oxm-6.2.3.jar;C:\Users\hiepg\.m2\repository\org\springframework\spring-context-support\6.2.3\spring-context-support-6.2.3.jar;C:\Users\hiepg\.m2\repository\org\slf4j\slf4j-api\2.0.16\slf4j-api-2.0.16.jar;C:\Users\hiepg\.m2\repository\org\springframework\boot\spring-boot-starter-test\3.4.3\spring-boot-starter-test-3.4.3.jar;C:\Users\hiepg\.m2\repository\org\springframework\boot\spring-boot-test\3.4.3\spring-boot-test-3.4.3.jar;C:\Users\hiepg\.m2\repository\org\springframework\boot\spring-boot-test-autoconfigure\3.4.3\spring-boot-test-autoconfigure-3.4.3.jar;C:\Users\hiepg\.m2\repository\com\jayway\jsonpath\json-path\2.9.0\json-path-2.9.0.jar;C:\Users\hiepg\.m2\repository\jakarta\xml\bind\jakarta.xml.bind-api\4.0.2\jakarta.xml.bind-api-4.0.2.jar;C:\Users\hiepg\.m2\repository\jakarta\activation\jakarta.activation-api\2.1.3\jakarta.activation-api-2.1.3.jar;C:\Users\hiepg\.m2\repository\net\minidev\json-smart\2.5.2\json-smart-2.5.2.jar;C:\Users\hiepg\.m2\repository\net\minidev\accessors-smart\2.5.2\accessors-smart-2.5.2.jar;C:\Users\hiepg\.m2\repository\org\ow2\asm\asm\9.7.1\asm-9.7.1.jar;C:\Users\hiepg\.m2\repository\org\assertj\assertj-core\3.26.3\assertj-core-3.26.3.jar;C:\Users\hiepg\.m2\repository\net\bytebuddy\byte-buddy\1.15.11\byte-buddy-1.15.11.jar;C:\Users\hiepg\.m2\repository\org\awaitility\awaitility\4.2.2\awaitility-4.2.2.jar;C:\Users\hiepg\.m2\repository\org\hamcrest\hamcrest\2.2\hamcrest-2.2.jar;C:\Users\hiepg\.m2\repository\org\junit\jupiter\junit-jupiter\5.11.4\junit-jupiter-5.11.4.jar;C:\Users\hiepg\.m2\repository\org\junit\jupiter\junit-jupiter-api\5.11.4\junit-jupiter-api-5.11.4.jar;C:\Users\hiepg\.m2\repository\org\opentest4j\opentest4j\1.3.0\opentest4j-1.3.0.jar;C:\Users\hiepg\.m2\repository\org\junit\platform\junit-platform-commons\1.11.4\junit-platform-commons-1.11.4.jar;C:\Users\hiepg\.m2\repository\org\apiguardian\apiguardian-api\1.1.2\apiguardian-api-1.1.2.jar;C:\Users\hiepg\.m2\repository\org\junit\jupiter\junit-jupiter-params\5.11.4\junit-jupiter-params-5.11.4.jar;C:\Users\hiepg\.m2\repository\org\junit\jupiter\junit-jupiter-engine\5.11.4\junit-jupiter-engine-5.11.4.jar;C:\Users\hiepg\.m2\repository\org\junit\platform\junit-platform-engine\1.11.4\junit-platform-engine-1.11.4.jar;C:\Users\hiepg\.m2\repository\org\mockito\mockito-core\5.14.2\mockito-core-5.14.2.jar;C:\Users\hiepg\.m2\repository\net\bytebuddy\byte-buddy-agent\1.15.11\byte-buddy-agent-1.15.11.jar;C:\Users\hiepg\.m2\repository\org\objenesis\objenesis\3.3\objenesis-3.3.jar;C:\Users\hiepg\.m2\repository\org\mockito\mockito-junit-jupiter\5.14.2\mockito-junit-jupiter-5.14.2.jar;C:\Users\hiepg\.m2\repository\org\skyscreamer\jsonassert\1.5.3\jsonassert-1.5.3.jar;C:\Users\hiepg\.m2\repository\com\vaadin\external\google\android-json\0.0.20131108.vaadin1\android-json-0.0.20131108.vaadin1.jar;C:\Users\hiepg\.m2\repository\org\springframework\spring-core\6.2.3\spring-core-6.2.3.jar;C:\Users\hiepg\.m2\repository\org\springframework\spring-jcl\6.2.3\spring-jcl-6.2.3.jar;C:\Users\hiepg\.m2\repository\org\springframework\spring-test\6.2.3\spring-test-6.2.3.jar;C:\Users\hiepg\.m2\repository\org\xmlunit\xmlunit-core\2.10.0\xmlunit-core-2.10.0.jar;C:\Users\hiepg\.m2\repository\org\springframework\boot\spring-boot-starter-logging\3.4.3\spring-boot-starter-logging-3.4.3.jar;C:\Users\hiepg\.m2\repository\ch\qos\logback\logback-classic\1.5.16\logback-classic-1.5.16.jar;C:\Users\hiepg\.m2\repository\ch\qos\logback\logback-core\1.5.16\logback-core-1.5.16.jar;C:\Users\hiepg\.m2\repository\org\apache\logging\log4j\log4j-to-slf4j\2.24.3\log4j-to-slf4j-2.24.3.jar;C:\Users\hiepg\.m2\repository\org\apache\logging\log4j\log4j-api\2.24.3\log4j-api-2.24.3.jar;C:\Users\hiepg\.m2\repository\org\slf4j\jul-to-slf4j\2.0.16\jul-to-slf4j-2.0.16.jar;C:\Users\hiepg\.m2\repository\org\apache\commons\commons-pool2\2.12.1\commons-pool2-2.12.1.jar;C:\Users\hiepg\.m2\repository\io\pivotal\cfenv\java-cfenv-boot\2.1.1.RELEASE\java-cfenv-boot-2.1.1.RELEASE.jar;C:\Users\hiepg\.m2\repository\org\springframework\boot\spring-boot\3.4.3\spring-boot-3.4.3.jar;C:\Users\hiepg\.m2\repository\io\pivotal\cfenv\java-cfenv-jdbc\2.1.1.RELEASE\java-cfenv-jdbc-2.1.1.RELEASE.jar;C:\Users\hiepg\.m2\repository\io\pivotal\cfenv\java-cfenv\2.1.1.RELEASE\java-cfenv-2.1.1.RELEASE.jar;C:\Users\hiepg\.m2\repository\org\springframework\boot\spring-boot-starter-actuator\3.4.3\spring-boot-starter-actuator-3.4.3.jar;C:\Users\hiepg\.m2\repository\org\springframework\boot\spring-boot-actuator-autoconfigure\3.4.3\spring-boot-actuator-autoconfigure-3.4.3.jar;C:\Users\hiepg\.m2\repository\org\springframework\boot\spring-boot-actuator\3.4.3\spring-boot-actuator-3.4.3.jar;C:\Users\hiepg\.m2\repository\io\micrometer\micrometer-observation\1.14.4\micrometer-observation-1.14.4.jar;C:\Users\hiepg\.m2\repository\io\micrometer\micrometer-commons\1.14.4\micrometer-commons-1.14.4.jar;C:\Users\hiepg\.m2\repository\io\micrometer\micrometer-jakarta9\1.14.4\micrometer-jakarta9-1.14.4.jar;C:\Users\hiepg\.m2\repository\io\micrometer\micrometer-core\1.14.4\micrometer-core-1.14.4.jar;C:\Users\hiepg\.m2\repository\org\hdrhistogram\HdrHistogram\2.2.2\HdrHistogram-2.2.2.jar;C:\Users\hiepg\.m2\repository\org\latencyutils\LatencyUtils\2.0.3\LatencyUtils-2.0.3.jar;"/>
    <property name="java.vm.vendor" value="Oracle Corporation"/>
    <property name="sun.arch.data.model" value="64"/>
    <property name="user.variant" value=""/>
    <property name="java.vendor.url" value="https://java.oracle.com/"/>
    <property name="user.timezone" value="Asia/Saigon"/>
    <property name="org.jboss.logging.provider" value="slf4j"/>
    <property name="os.name" value="Windows 10"/>
    <property name="java.vm.specification.version" value="22"/>
    <property name="sun.java.launcher" value="SUN_STANDARD"/>
    <property name="user.country" value="US"/>
    <property name="sun.boot.library.path" value="D:\Program Files\Java\jdk-22\bin"/>
    <property name="sun.java.command" value="C:\Users\hiepg\AppData\Local\Temp\surefire519641400614092982\surefirebooter-20250331211317667_3.jar C:\Users\hiepg\AppData\Local\Temp\surefire519641400614092982 2025-03-31T21-13-16_751-jvmRun1 surefire-20250331211317667_1tmp surefire_0-20250331211317667_2tmp"/>
    <property name="jdk.debug" value="release"/>
    <property name="surefire.test.class.path" value="D:\Code\Big Apps\Hybrid-Blockchain-Based-Stock-Trading-Platform-with-Arbitrage-Bot\BE\API-gateway\target\test-classes;D:\Code\Big Apps\Hybrid-Blockchain-Based-Stock-Trading-Platform-with-Arbitrage-Bot\BE\API-gateway\target\classes;C:\Users\hiepg\.m2\repository\org\springframework\cloud\spring-cloud-starter-gateway\3.1.0\spring-cloud-starter-gateway-3.1.0.jar;C:\Users\hiepg\.m2\repository\org\springframework\cloud\spring-cloud-starter\4.2.0\spring-cloud-starter-4.2.0.jar;C:\Users\hiepg\.m2\repository\org\springframework\cloud\spring-cloud-context\4.2.0\spring-cloud-context-4.2.0.jar;C:\Users\hiepg\.m2\repository\org\springframework\security\spring-security-crypto\6.4.3\spring-security-crypto-6.4.3.jar;C:\Users\hiepg\.m2\repository\org\springframework\cloud\spring-cloud-commons\4.2.0\spring-cloud-commons-4.2.0.jar;C:\Users\hiepg\.m2\repository\org\bouncycastle\bcprov-jdk18on\1.78.1\bcprov-jdk18on-1.78.1.jar;C:\Users\hiepg\.m2\repository\org\springframework\cloud\spring-cloud-gateway-server\4.2.0\spring-cloud-gateway-server-4.2.0.jar;C:\Users\hiepg\.m2\repository\org\springframework\boot\spring-boot-starter-validation\3.4.3\spring-boot-starter-validation-3.4.3.jar;C:\Users\hiepg\.m2\repository\org\apache\tomcat\embed\tomcat-embed-el\10.1.36\tomcat-embed-el-10.1.36.jar;C:\Users\hiepg\.m2\repository\org\hibernate\validator\hibernate-validator\8.0.2.Final\hibernate-validator-8.0.2.Final.jar;C:\Users\hiepg\.m2\repository\jakarta\validation\jakarta.validation-api\3.0.2\jakarta.validation-api-3.0.2.jar;C:\Users\hiepg\.m2\repository\org\jboss\logging\jboss-logging\3.6.1.Final\jboss-logging-3.6.1.Final.jar;C:\Users\hiepg\.m2\repository\com\fasterxml\classmate\1.7.0\classmate-1.7.0.jar;C:\Users\hiepg\.m2\repository\io\projectreactor\addons\reactor-extra\3.5.2\reactor-extra-3.5.2.jar;C:\Users\hiepg\.m2\repository\org\springframework\boot\spring-boot-starter-security\3.4.3\spring-boot-starter-security-3.4.3.jar;C:\Users\hiepg\.m2\repository\org\springframework\boot\spring-boot-starter\3.4.3\spring-boot-starter-3.4.3.jar;C:\Users\hiepg\.m2\repository\org\springframework\boot\spring-boot-autoconfigure\3.4.3\spring-boot-autoconfigure-3.4.3.jar;C:\Users\hiepg\.m2\repository\jakarta\annotation\jakarta.annotation-api\2.1.1\jakarta.annotation-api-2.1.1.jar;C:\Users\hiepg\.m2\repository\org\yaml\snakeyaml\2.3\snakeyaml-2.3.jar;C:\Users\hiepg\.m2\repository\org\springframework\spring-aop\6.2.3\spring-aop-6.2.3.jar;C:\Users\hiepg\.m2\repository\org\springframework\spring-beans\6.2.3\spring-beans-6.2.3.jar;C:\Users\hiepg\.m2\repository\org\springframework\security\spring-security-config\6.4.3\spring-security-config-6.4.3.jar;C:\Users\hiepg\.m2\repository\org\springframework\security\spring-security-core\6.4.3\spring-security-core-6.4.3.jar;C:\Users\hiepg\.m2\repository\org\springframework\spring-context\6.2.3\spring-context-6.2.3.jar;C:\Users\hiepg\.m2\repository\org\springframework\security\spring-security-web\6.4.3\spring-security-web-6.4.3.jar;C:\Users\hiepg\.m2\repository\org\springframework\spring-expression\6.2.3\spring-expression-6.2.3.jar;C:\Users\hiepg\.m2\repository\org\springframework\boot\spring-boot-starter-webflux\3.4.3\spring-boot-starter-webflux-3.4.3.jar;C:\Users\hiepg\.m2\repository\org\springframework\boot\spring-boot-starter-json\3.4.3\spring-boot-starter-json-3.4.3.jar;C:\Users\hiepg\.m2\repository\com\fasterxml\jackson\datatype\jackson-datatype-jdk8\2.18.2\jackson-datatype-jdk8-2.18.2.jar;C:\Users\hiepg\.m2\repository\com\fasterxml\jackson\datatype\jackson-datatype-jsr310\2.18.2\jackson-datatype-jsr310-2.18.2.jar;C:\Users\hiepg\.m2\repository\com\fasterxml\jackson\module\jackson-module-parameter-names\2.18.2\jackson-module-parameter-names-2.18.2.jar;C:\Users\hiepg\.m2\repository\org\springframework\boot\spring-boot-starter-reactor-netty\3.4.3\spring-boot-starter-reactor-netty-3.4.3.jar;C:\Users\hiepg\.m2\repository\io\projectreactor\netty\reactor-netty-http\1.2.3\reactor-netty-http-1.2.3.jar;C:\Users\hiepg\.m2\repository\io\netty\netty-codec-http\4.1.118.Final\netty-codec-http-4.1.118.Final.jar;C:\Users\hiepg\.m2\repository\io\netty\netty-codec-http2\4.1.118.Final\netty-codec-http2-4.1.118.Final.jar;C:\Users\hiepg\.m2\repository\io\netty\netty-resolver-dns\4.1.118.Final\netty-resolver-dns-4.1.118.Final.jar;C:\Users\hiepg\.m2\repository\io\netty\netty-codec-dns\4.1.118.Final\netty-codec-dns-4.1.118.Final.jar;C:\Users\hiepg\.m2\repository\io\netty\netty-resolver-dns-native-macos\4.1.118.Final\netty-resolver-dns-native-macos-4.1.118.Final-osx-x86_64.jar;C:\Users\hiepg\.m2\repository\io\netty\netty-resolver-dns-classes-macos\4.1.118.Final\netty-resolver-dns-classes-macos-4.1.118.Final.jar;C:\Users\hiepg\.m2\repository\io\netty\netty-transport-native-epoll\4.1.118.Final\netty-transport-native-epoll-4.1.118.Final-linux-x86_64.jar;C:\Users\hiepg\.m2\repository\io\netty\netty-transport-classes-epoll\4.1.118.Final\netty-transport-classes-epoll-4.1.118.Final.jar;C:\Users\hiepg\.m2\repository\io\projectreactor\netty\reactor-netty-core\1.2.3\reactor-netty-core-1.2.3.jar;C:\Users\hiepg\.m2\repository\io\netty\netty-handler-proxy\4.1.118.Final\netty-handler-proxy-4.1.118.Final.jar;C:\Users\hiepg\.m2\repository\io\netty\netty-codec-socks\4.1.118.Final\netty-codec-socks-4.1.118.Final.jar;C:\Users\hiepg\.m2\repository\org\springframework\spring-web\6.2.3\spring-web-6.2.3.jar;C:\Users\hiepg\.m2\repository\org\springframework\spring-webflux\6.2.3\spring-webflux-6.2.3.jar;C:\Users\hiepg\.m2\repository\io\jsonwebtoken\jjwt-api\0.11.5\jjwt-api-0.11.5.jar;C:\Users\hiepg\.m2\repository\io\jsonwebtoken\jjwt-impl\0.11.5\jjwt-impl-0.11.5.jar;C:\Users\hiepg\.m2\repository\io\jsonwebtoken\jjwt-jackson\0.11.5\jjwt-jackson-0.11.5.jar;C:\Users\hiepg\.m2\repository\com\fasterxml\jackson\core\jackson-databind\2.18.2\jackson-databind-2.18.2.jar;C:\Users\hiepg\.m2\repository\com\fasterxml\jackson\core\jackson-annotations\2.18.2\jackson-annotations-2.18.2.jar;C:\Users\hiepg\.m2\repository\com\fasterxml\jackson\core\jackson-core\2.18.2\jackson-core-2.18.2.jar;C:\Users\hiepg\.m2\repository\org\springframework\boot\spring-boot-starter-data-redis-reactive\3.4.3\spring-boot-starter-data-redis-reactive-3.4.3.jar;C:\Users\hiepg\.m2\repository\io\lettuce\lettuce-core\6.4.2.RELEASE\lettuce-core-6.4.2.RELEASE.jar;C:\Users\hiepg\.m2\repository\io\netty\netty-common\4.1.118.Final\netty-common-4.1.118.Final.jar;C:\Users\hiepg\.m2\repository\io\netty\netty-handler\4.1.118.Final\netty-handler-4.1.118.Final.jar;C:\Users\hiepg\.m2\repository\io\netty\netty-resolver\4.1.118.Final\netty-resolver-4.1.118.Final.jar;C:\Users\hiepg\.m2\repository\io\netty\netty-buffer\4.1.118.Final\netty-buffer-4.1.118.Final.jar;C:\Users\hiepg\.m2\repository\io\netty\netty-transport-native-unix-common\4.1.118.Final\netty-transport-native-unix-common-4.1.118.Final.jar;C:\Users\hiepg\.m2\repository\io\netty\netty-codec\4.1.118.Final\netty-codec-4.1.118.Final.jar;C:\Users\hiepg\.m2\repository\io\netty\netty-transport\4.1.118.Final\netty-transport-4.1.118.Final.jar;C:\Users\hiepg\.m2\repository\io\projectreactor\reactor-core\3.7.3\reactor-core-3.7.3.jar;C:\Users\hiepg\.m2\repository\org\reactivestreams\reactive-streams\1.0.4\reactive-streams-1.0.4.jar;C:\Users\hiepg\.m2\repository\org\springframework\data\spring-data-redis\3.4.3\spring-data-redis-3.4.3.jar;C:\Users\hiepg\.m2\repository\org\springframework\data\spring-data-keyvalue\3.4.3\spring-data-keyvalue-3.4.3.jar;C:\Users\hiepg\.m2\repository\org\springframework\data\spring-data-commons\3.4.3\spring-data-commons-3.4.3.jar;C:\Users\hiepg\.m2\repository\org\springframework\spring-tx\6.2.3\spring-tx-6.2.3.jar;C:\Users\hiepg\.m2\repository\org\springframework\spring-oxm\6.2.3\spring-oxm-6.2.3.jar;C:\Users\hiepg\.m2\repository\org\springframework\spring-context-support\6.2.3\spring-context-support-6.2.3.jar;C:\Users\hiepg\.m2\repository\org\slf4j\slf4j-api\2.0.16\slf4j-api-2.0.16.jar;C:\Users\hiepg\.m2\repository\org\springframework\boot\spring-boot-starter-test\3.4.3\spring-boot-starter-test-3.4.3.jar;C:\Users\hiepg\.m2\repository\org\springframework\boot\spring-boot-test\3.4.3\spring-boot-test-3.4.3.jar;C:\Users\hiepg\.m2\repository\org\springframework\boot\spring-boot-test-autoconfigure\3.4.3\spring-boot-test-autoconfigure-3.4.3.jar;C:\Users\hiepg\.m2\repository\com\jayway\jsonpath\json-path\2.9.0\json-path-2.9.0.jar;C:\Users\hiepg\.m2\repository\jakarta\xml\bind\jakarta.xml.bind-api\4.0.2\jakarta.xml.bind-api-4.0.2.jar;C:\Users\hiepg\.m2\repository\jakarta\activation\jakarta.activation-api\2.1.3\jakarta.activation-api-2.1.3.jar;C:\Users\hiepg\.m2\repository\net\minidev\json-smart\2.5.2\json-smart-2.5.2.jar;C:\Users\hiepg\.m2\repository\net\minidev\accessors-smart\2.5.2\accessors-smart-2.5.2.jar;C:\Users\hiepg\.m2\repository\org\ow2\asm\asm\9.7.1\asm-9.7.1.jar;C:\Users\hiepg\.m2\repository\org\assertj\assertj-core\3.26.3\assertj-core-3.26.3.jar;C:\Users\hiepg\.m2\repository\net\bytebuddy\byte-buddy\1.15.11\byte-buddy-1.15.11.jar;C:\Users\hiepg\.m2\repository\org\awaitility\awaitility\4.2.2\awaitility-4.2.2.jar;C:\Users\hiepg\.m2\repository\org\hamcrest\hamcrest\2.2\hamcrest-2.2.jar;C:\Users\hiepg\.m2\repository\org\junit\jupiter\junit-jupiter\5.11.4\junit-jupiter-5.11.4.jar;C:\Users\hiepg\.m2\repository\org\junit\jupiter\junit-jupiter-api\5.11.4\junit-jupiter-api-5.11.4.jar;C:\Users\hiepg\.m2\repository\org\opentest4j\opentest4j\1.3.0\opentest4j-1.3.0.jar;C:\Users\hiepg\.m2\repository\org\junit\platform\junit-platform-commons\1.11.4\junit-platform-commons-1.11.4.jar;C:\Users\hiepg\.m2\repository\org\apiguardian\apiguardian-api\1.1.2\apiguardian-api-1.1.2.jar;C:\Users\hiepg\.m2\repository\org\junit\jupiter\junit-jupiter-params\5.11.4\junit-jupiter-params-5.11.4.jar;C:\Users\hiepg\.m2\repository\org\junit\jupiter\junit-jupiter-engine\5.11.4\junit-jupiter-engine-5.11.4.jar;C:\Users\hiepg\.m2\repository\org\junit\platform\junit-platform-engine\1.11.4\junit-platform-engine-1.11.4.jar;C:\Users\hiepg\.m2\repository\org\mockito\mockito-core\5.14.2\mockito-core-5.14.2.jar;C:\Users\hiepg\.m2\repository\net\bytebuddy\byte-buddy-agent\1.15.11\byte-buddy-agent-1.15.11.jar;C:\Users\hiepg\.m2\repository\org\objenesis\objenesis\3.3\objenesis-3.3.jar;C:\Users\hiepg\.m2\repository\org\mockito\mockito-junit-jupiter\5.14.2\mockito-junit-jupiter-5.14.2.jar;C:\Users\hiepg\.m2\repository\org\skyscreamer\jsonassert\1.5.3\jsonassert-1.5.3.jar;C:\Users\hiepg\.m2\repository\com\vaadin\external\google\android-json\0.0.20131108.vaadin1\android-json-0.0.20131108.vaadin1.jar;C:\Users\hiepg\.m2\repository\org\springframework\spring-core\6.2.3\spring-core-6.2.3.jar;C:\Users\hiepg\.m2\repository\org\springframework\spring-jcl\6.2.3\spring-jcl-6.2.3.jar;C:\Users\hiepg\.m2\repository\org\springframework\spring-test\6.2.3\spring-test-6.2.3.jar;C:\Users\hiepg\.m2\repository\org\xmlunit\xmlunit-core\2.10.0\xmlunit-core-2.10.0.jar;C:\Users\hiepg\.m2\repository\org\springframework\boot\spring-boot-starter-logging\3.4.3\spring-boot-starter-logging-3.4.3.jar;C:\Users\hiepg\.m2\repository\ch\qos\logback\logback-classic\1.5.16\logback-classic-1.5.16.jar;C:\Users\hiepg\.m2\repository\ch\qos\logback\logback-core\1.5.16\logback-core-1.5.16.jar;C:\Users\hiepg\.m2\repository\org\apache\logging\log4j\log4j-to-slf4j\2.24.3\log4j-to-slf4j-2.24.3.jar;C:\Users\hiepg\.m2\repository\org\apache\logging\log4j\log4j-api\2.24.3\log4j-api-2.24.3.jar;C:\Users\hiepg\.m2\repository\org\slf4j\jul-to-slf4j\2.0.16\jul-to-slf4j-2.0.16.jar;C:\Users\hiepg\.m2\repository\org\apache\commons\commons-pool2\2.12.1\commons-pool2-2.12.1.jar;C:\Users\hiepg\.m2\repository\io\pivotal\cfenv\java-cfenv-boot\2.1.1.RELEASE\java-cfenv-boot-2.1.1.RELEASE.jar;C:\Users\hiepg\.m2\repository\org\springframework\boot\spring-boot\3.4.3\spring-boot-3.4.3.jar;C:\Users\hiepg\.m2\repository\io\pivotal\cfenv\java-cfenv-jdbc\2.1.1.RELEASE\java-cfenv-jdbc-2.1.1.RELEASE.jar;C:\Users\hiepg\.m2\repository\io\pivotal\cfenv\java-cfenv\2.1.1.RELEASE\java-cfenv-2.1.1.RELEASE.jar;C:\Users\hiepg\.m2\repository\org\springframework\boot\spring-boot-starter-actuator\3.4.3\spring-boot-starter-actuator-3.4.3.jar;C:\Users\hiepg\.m2\repository\org\springframework\boot\spring-boot-actuator-autoconfigure\3.4.3\spring-boot-actuator-autoconfigure-3.4.3.jar;C:\Users\hiepg\.m2\repository\org\springframework\boot\spring-boot-actuator\3.4.3\spring-boot-actuator-3.4.3.jar;C:\Users\hiepg\.m2\repository\io\micrometer\micrometer-observation\1.14.4\micrometer-observation-1.14.4.jar;C:\Users\hiepg\.m2\repository\io\micrometer\micrometer-commons\1.14.4\micrometer-commons-1.14.4.jar;C:\Users\hiepg\.m2\repository\io\micrometer\micrometer-jakarta9\1.14.4\micrometer-jakarta9-1.14.4.jar;C:\Users\hiepg\.m2\repository\io\micrometer\micrometer-core\1.14.4\micrometer-core-1.14.4.jar;C:\Users\hiepg\.m2\repository\org\hdrhistogram\HdrHistogram\2.2.2\HdrHistogram-2.2.2.jar;C:\Users\hiepg\.m2\repository\org\latencyutils\LatencyUtils\2.0.3\LatencyUtils-2.0.3.jar;"/>
    <property name="sun.cpu.endian" value="little"/>
    <property name="user.home" value="C:\Users\hiepg"/>
    <property name="user.language" value="en"/>
    <property name="java.specification.vendor" value="Oracle Corporation"/>
    <property name="java.version.date" value="2024-07-16"/>
    <property name="java.home" value="D:\Program Files\Java\jdk-22"/>
    <property name="file.separator" value="\"/>
    <property name="basedir" value="D:\Code\Big Apps\Hybrid-Blockchain-Based-Stock-Trading-Platform-with-Arbitrage-Bot\BE\API-gateway"/>
    <property name="java.vm.compressedOopsMode" value="Zero based"/>
    <property name="line.separator" value="&#10;"/>
    <property name="java.vm.specification.vendor" value="Oracle Corporation"/>
    <property name="java.specification.name" value="Java Platform API Specification"/>
    <property name="FILE_LOG_CHARSET" value="UTF-8"/>
    <property name="java.awt.headless" value="true"/>
    <property name="surefire.real.class.path" value="C:\Users\hiepg\AppData\Local\Temp\surefire519641400614092982\surefirebooter-20250331211317667_3.jar"/>
    <property name="user.script" value=""/>
    <property name="sun.management.compiler" value="HotSpot 64-Bit Tiered Compilers"/>
    <property name="java.runtime.version" value="22.0.2+9-70"/>
    <property name="user.name" value="hiepg"/>
    <property name="stdout.encoding" value="Cp1252"/>
    <property name="path.separator" value=";"/>
    <property name="os.version" value="10.0"/>
    <property name="java.runtime.name" value="Java(TM) SE Runtime Environment"/>
    <property name="file.encoding" value="UTF-8"/>
    <property name="java.vm.name" value="Java HotSpot(TM) 64-Bit Server VM"/>
    <property name="localRepository" value="C:\Users\hiepg\.m2\repository"/>
    <property name="java.vendor.url.bug" value="https://bugreport.java.com/bugreport/"/>
    <property name="java.io.tmpdir" value="C:\Users\hiepg\AppData\Local\Temp\"/>
    <property name="java.version" value="22.0.2"/>
    <property name="user.dir" value="D:\Code\Big Apps\Hybrid-Blockchain-Based-Stock-Trading-Platform-with-Arbitrage-Bot\BE\API-gateway"/>
    <property name="os.arch" value="amd64"/>
    <property name="java.vm.specification.name" value="Java Virtual Machine Specification"/>
    <property name="PID" value="17208"/>
    <property name="sun.os.patch.level" value=""/>
    <property name="CONSOLE_LOG_CHARSET" value="UTF-8"/>
    <property name="native.encoding" value="Cp1252"/>
    <property name="java.library.path" value="D:\Program Files\Java\jdk-22\bin;C:\Windows\Sun\Java\bin;C:\Windows\system32;C:\Windows;C:\Program Files\Common Files\Oracle\Java\javapath;C:\Windows\system32;C:\Windows;C:\Windows\System32\Wbem;C:\Windows\System32\WindowsPowerShell\v1.0\;C:\Windows\System32\OpenSSH\;D:\Program Files\mingw64\bin;D:\Program Files\Python;D:\Program Files\Python\Scripts;C:\Users\hiepg\AppData\Local\Sublime Text\Package Storage\LSP-clangd\clangd_16.0.2\bin;D:\Program Files\Java\jdk-20\bin;D:\Program Files\Git\cmd;C:\Program Files\MySQL\MySQL Server 8.0\bin;C:\Program Files\dotnet\;C:\Windows\System32\WindowsPowerShell\v1.0;C:\Users\hiepg\AppData\Local\Android\Sdk\platform-tools;D:\Program Files\Java\jdk-22\bin;D:\Program Files\apache-maven-3.9.9\bin;C:\Program Files\Microsoft SQL Server\150\Tools\Binn\;C:\Program Files\Microsoft SQL Server\Client SDK\ODBC\170\Tools\Binn\;C:\Program Files\Cloudflare\Cloudflare WARP\;C:\Users\hiepg\AppData\Roaming\nvm;C:\Program Files\nodejs;C:\Program Files\Docker\Docker\resources\bin;D:\Program Files\Python\Scripts\;D:\Program Files\Python\;C:\Users\hiepg\scoop\shims;C:\Program Files\MySQL\MySQL Shell 8.0\bin\;C:\Users\hiepg\AppData\Local\Microsoft\WindowsApps;D:\Program Files\Microsoft VS Code\bin;C:\Program Files\Azure Data Studio\bin;C:\Program Files\Azure Data Studio\bin;D:\Program Files\IntelliJ IDEA 2024.2.0.1\bin;C:\Users\hiepg\AppData\Local\Microsoft\WinGet\Packages\Schniz.fnm_Microsoft.Winget.Source_8wekyb3d8bbwe;D:\Program Files\JetBrains\JetBrains Rider 2024.2.1\bin;C:\Users\hiepg\.dotnet\tools;D:\Program Files\heroku\bin;C:\Users\hiepg\AppData\Local\spicetify;D:\Program Files\Minio;D:\Program Files\Minio Client;C:\Users\hiepg\AppData\Roaming\npm;C:\Users\hiepg\.dotnet\tools;C:\Users\hiepg\bin;C:\Program Files\Docker\Docker\resources\bin;D:\Program Files\mongosh-2.4.0-win32-x64\mongosh-2.4.0-win32-x64\bin;C:\Users\hiepg\AppData\Roaming\nvm;C:\Program Files\nodejs;."/>
    <property name="java.vm.info" value="mixed mode, sharing"/>
    <property name="stderr.encoding" value="Cp1252"/>
    <property name="java.vendor" value="Oracle Corporation"/>
    <property name="java.vm.version" value="22.0.2+9-70"/>
    <property name="sun.io.unicode.encoding" value="UnicodeLittle"/>
    <property name="java.class.version" value="66.0"/>
  </properties>
  <testcase name="contextLoads" classname="com.project.apigateway.ApiGatewayApplicationTests" time="6.445">
    <system-out><![CDATA[21:13:23.562 [main] INFO org.springframework.test.context.support.AnnotationConfigContextLoaderUtils -- Could not detect default configuration classes for test class [com.project.apigateway.ApiGatewayApplicationTests]: ApiGatewayApplicationTests does not declare any static, non-private, non-final, nested classes annotated with @Configuration.
21:13:24.215 [main] INFO org.springframework.boot.test.context.SpringBootTestContextBootstrapper -- Found @SpringBootConfiguration com.project.apigateway.ApiGatewayApplication for test class com.project.apigateway.ApiGatewayApplicationTests

  .   ____          _            __ _ _
 /\\ / ___'_ __ _ _(_)_ __  __ _ \ \ \ \
( ( )\___ | '_ | '_| | '_ \/ _` | \ \ \ \
 \\/  ___)| |_)| | | | | || (_| |  ) ) ) )
  '  |____| .__|_| |_|_| |_\__, | / / / /
 =========|_|==============|___/=/_/_/_/

21:13:29.029 [background-preinit] INFO  org.hibernate.validator.internal.util.Version - HV000001: Hibernate Validator 8.0.2.Final
 :: Spring Boot ::                (v3.4.3)

21:13:29.866 [main] INFO  com.project.apigateway.ApiGatewayApplicationTests - Starting ApiGatewayApplicationTests using Java 22.0.2 with PID 17208 (started by hiepg in D:\Code\Big Apps\Hybrid-Blockchain-Based-Stock-Trading-Platform-with-Arbitrage-Bot\BE\API-gateway)
21:13:29.867 [main] DEBUG com.project.apigateway.ApiGatewayApplicationTests - Running with Spring Boot v3.4.3, Spring v6.2.3
21:13:29.869 [main] INFO  com.project.apigateway.ApiGatewayApplicationTests - The following 1 profile is active: "product"
21:13:36.808 [main] TRACE org.springframework.cloud.gateway.config.GatewayAutoConfiguration$OnVerboseDisabledCondition - Condition GatewayAutoConfiguration.OnVerboseDisabledCondition on org.springframework.cloud.gateway.config.GatewayAutoConfiguration$GatewayActuatorConfiguration#gatewayLegacyControllerEndpoint did not match due to NoneNestedConditions 1 matched 0 did not; NestedCondition on GatewayAutoConfiguration.OnVerboseDisabledCondition.VerboseDisabled @ConditionalOnProperty (spring.cloud.gateway.actuator.verbose.enabled) matched
21:13:36.856 [main] TRACE org.springframework.cloud.gateway.config.conditional.OnEnabledGlobalFilter - Condition OnEnabledGlobalFilter on org.springframework.cloud.gateway.config.GatewayAutoConfiguration$NettyConfiguration#routingFilter matched
21:13:36.857 [main] TRACE org.springframework.cloud.gateway.config.conditional.OnEnabledGlobalFilter - Condition OnEnabledGlobalFilter on org.springframework.cloud.gateway.config.GatewayAutoConfiguration$NettyConfiguration#nettyWriteResponseFilter matched
21:13:36.874 [main] TRACE org.springframework.cloud.gateway.config.conditional.OnEnabledGlobalFilter - Condition OnEnabledGlobalFilter on org.springframework.cloud.gateway.config.GatewayAutoConfiguration$NettyConfiguration#reactorNettyWebSocketClient matched
21:13:36.875 [main] TRACE org.springframework.cloud.gateway.config.conditional.OnEnabledGlobalFilter - Condition OnEnabledGlobalFilter on org.springframework.cloud.gateway.config.GatewayAutoConfiguration$NettyConfiguration#reactorNettyRequestUpgradeStrategy matched
21:13:37.072 [main] TRACE org.springframework.cloud.gateway.config.conditional.OnEnabledGlobalFilter - Condition OnEnabledGlobalFilter on org.springframework.cloud.gateway.config.GatewayAutoConfiguration#adaptCachedBodyGlobalFilter matched
21:13:37.073 [main] TRACE org.springframework.cloud.gateway.config.conditional.OnEnabledGlobalFilter - Condition OnEnabledGlobalFilter on org.springframework.cloud.gateway.config.GatewayAutoConfiguration#removeCachedBodyFilter matched
21:13:37.075 [main] TRACE org.springframework.cloud.gateway.config.conditional.OnEnabledGlobalFilter - Condition OnEnabledGlobalFilter on org.springframework.cloud.gateway.config.GatewayAutoConfiguration#routeToRequestUrlFilter matched
21:13:37.079 [main] TRACE org.springframework.cloud.gateway.config.conditional.OnEnabledGlobalFilter - Condition OnEnabledGlobalFilter on org.springframework.cloud.gateway.config.GatewayAutoConfiguration#forwardRoutingFilter matched
21:13:37.082 [main] TRACE org.springframework.cloud.gateway.config.conditional.OnEnabledGlobalFilter - Condition OnEnabledGlobalFilter on org.springframework.cloud.gateway.config.GatewayAutoConfiguration#forwardPathFilter matched
21:13:37.084 [main] TRACE org.springframework.cloud.gateway.config.conditional.OnEnabledGlobalFilter - Condition OnEnabledGlobalFilter on org.springframework.cloud.gateway.config.GatewayAutoConfiguration#webSocketService matched
21:13:37.085 [main] TRACE org.springframework.cloud.gateway.config.conditional.OnEnabledGlobalFilter - Condition OnEnabledGlobalFilter on org.springframework.cloud.gateway.config.GatewayAutoConfiguration#websocketRoutingFilter matched
21:13:37.086 [main] TRACE org.springframework.cloud.gateway.config.conditional.OnEnabledPredicate - Condition OnEnabledPredicate on org.springframework.cloud.gateway.config.GatewayAutoConfiguration#weightCalculatorWebFilter matched
21:13:37.088 [main] TRACE org.springframework.cloud.gateway.config.conditional.OnEnabledPredicate - Condition OnEnabledPredicate on org.springframework.cloud.gateway.config.GatewayAutoConfiguration#afterRoutePredicateFactory matched
21:13:37.088 [main] TRACE org.springframework.cloud.gateway.config.conditional.OnEnabledPredicate - Condition OnEnabledPredicate on org.springframework.cloud.gateway.config.GatewayAutoConfiguration#beforeRoutePredicateFactory matched
21:13:37.089 [main] TRACE org.springframework.cloud.gateway.config.conditional.OnEnabledPredicate - Condition OnEnabledPredicate on org.springframework.cloud.gateway.config.GatewayAutoConfiguration#betweenRoutePredicateFactory matched
21:13:37.090 [main] TRACE org.springframework.cloud.gateway.config.conditional.OnEnabledPredicate - Condition OnEnabledPredicate on org.springframework.cloud.gateway.config.GatewayAutoConfiguration#cookieRoutePredicateFactory matched
21:13:37.091 [main] TRACE org.springframework.cloud.gateway.config.conditional.OnEnabledPredicate - Condition OnEnabledPredicate on org.springframework.cloud.gateway.config.GatewayAutoConfiguration#headerRoutePredicateFactory matched
21:13:37.092 [main] TRACE org.springframework.cloud.gateway.config.conditional.OnEnabledPredicate - Condition OnEnabledPredicate on org.springframework.cloud.gateway.config.GatewayAutoConfiguration#hostRoutePredicateFactory matched
21:13:37.095 [main] TRACE org.springframework.cloud.gateway.config.conditional.OnEnabledPredicate - Condition OnEnabledPredicate on org.springframework.cloud.gateway.config.GatewayAutoConfiguration#methodRoutePredicateFactory matched
21:13:37.096 [main] TRACE org.springframework.cloud.gateway.config.conditional.OnEnabledPredicate - Condition OnEnabledPredicate on org.springframework.cloud.gateway.config.GatewayAutoConfiguration#pathRoutePredicateFactory matched
21:13:37.097 [main] TRACE org.springframework.cloud.gateway.config.conditional.OnEnabledPredicate - Condition OnEnabledPredicate on org.springframework.cloud.gateway.config.GatewayAutoConfiguration#queryRoutePredicateFactory matched
21:13:37.101 [main] TRACE org.springframework.cloud.gateway.config.conditional.OnEnabledPredicate - Condition OnEnabledPredicate on org.springframework.cloud.gateway.config.GatewayAutoConfiguration#readBodyPredicateFactory matched
21:13:37.102 [main] TRACE org.springframework.cloud.gateway.config.conditional.OnEnabledPredicate - Condition OnEnabledPredicate on org.springframework.cloud.gateway.config.GatewayAutoConfiguration#remoteAddrRoutePredicateFactory matched
21:13:37.103 [main] TRACE org.springframework.cloud.gateway.config.conditional.OnEnabledPredicate - Condition OnEnabledPredicate on org.springframework.cloud.gateway.config.GatewayAutoConfiguration#xForwardedRemoteAddrRoutePredicateFactory matched
21:13:37.104 [main] TRACE org.springframework.cloud.gateway.config.conditional.OnEnabledPredicate - Condition OnEnabledPredicate on org.springframework.cloud.gateway.config.GatewayAutoConfiguration#weightRoutePredicateFactory matched
21:13:37.105 [main] TRACE org.springframework.cloud.gateway.config.conditional.OnEnabledPredicate - Condition OnEnabledPredicate on org.springframework.cloud.gateway.config.GatewayAutoConfiguration#cloudFoundryRouteServiceRoutePredicateFactory matched
21:13:37.108 [main] TRACE org.springframework.cloud.gateway.config.conditional.OnEnabledFilter - Condition OnEnabledFilter on org.springframework.cloud.gateway.config.GatewayAutoConfiguration#addRequestHeaderGatewayFilterFactory matched
21:13:37.109 [main] TRACE org.springframework.cloud.gateway.config.conditional.OnEnabledFilter - Condition OnEnabledFilter on org.springframework.cloud.gateway.config.GatewayAutoConfiguration#addRequestHeadersIfNotPresentGatewayFilterFactory matched
21:13:37.154 [main] TRACE org.springframework.cloud.gateway.config.conditional.OnEnabledFilter - Condition OnEnabledFilter on org.springframework.cloud.gateway.config.GatewayAutoConfiguration#mapRequestHeaderGatewayFilterFactory matched
21:13:37.167 [main] TRACE org.springframework.cloud.gateway.config.conditional.OnEnabledFilter - Condition OnEnabledFilter on org.springframework.cloud.gateway.config.GatewayAutoConfiguration#addRequestParameterGatewayFilterFactory matched
21:13:37.168 [main] TRACE org.springframework.cloud.gateway.config.conditional.OnEnabledFilter - Condition OnEnabledFilter on org.springframework.cloud.gateway.config.GatewayAutoConfiguration#addResponseHeaderGatewayFilterFactory matched
21:13:37.169 [main] TRACE org.springframework.cloud.gateway.config.conditional.OnEnabledFilter - Condition OnEnabledFilter on org.springframework.cloud.gateway.config.GatewayAutoConfiguration#modifyRequestBodyGatewayFilterFactory matched
21:13:37.173 [main] TRACE org.springframework.cloud.gateway.config.conditional.OnEnabledFilter - Condition OnEnabledFilter on org.springframework.cloud.gateway.config.GatewayAutoConfiguration#dedupeResponseHeaderGatewayFilterFactory matched
21:13:37.174 [main] TRACE org.springframework.cloud.gateway.config.conditional.OnEnabledFilter - Condition OnEnabledFilter on org.springframework.cloud.gateway.config.GatewayAutoConfiguration#modifyResponseBodyGatewayFilterFactory matched
21:13:37.182 [main] TRACE org.springframework.cloud.gateway.config.conditional.OnEnabledFilter - Condition OnEnabledFilter on org.springframework.cloud.gateway.config.GatewayAutoConfiguration#cacheRequestBodyGatewayFilterFactory matched
21:13:37.185 [main] TRACE org.springframework.cloud.gateway.config.conditional.OnEnabledFilter - Condition OnEnabledFilter on org.springframework.cloud.gateway.config.GatewayAutoConfiguration#prefixPathGatewayFilterFactory matched
21:13:37.187 [main] TRACE org.springframework.cloud.gateway.config.conditional.OnEnabledFilter - Condition OnEnabledFilter on org.springframework.cloud.gateway.config.GatewayAutoConfiguration#preserveHostHeaderGatewayFilterFactory matched
21:13:37.188 [main] TRACE org.springframework.cloud.gateway.config.conditional.OnEnabledFilter - Condition OnEnabledFilter on org.springframework.cloud.gateway.config.GatewayAutoConfiguration#redirectToGatewayFilterFactory matched
21:13:37.198 [main] TRACE org.springframework.cloud.gateway.config.conditional.OnEnabledFilter - Condition OnEnabledFilter on org.springframework.cloud.gateway.config.GatewayAutoConfiguration#removeJsonAttributesResponseBodyGatewayFilterFactory matched
21:13:37.199 [main] TRACE org.springframework.cloud.gateway.config.conditional.OnEnabledFilter - Condition OnEnabledFilter on org.springframework.cloud.gateway.config.GatewayAutoConfiguration#removeRequestHeaderGatewayFilterFactory matched
21:13:37.202 [main] TRACE org.springframework.cloud.gateway.config.conditional.OnEnabledFilter - Condition OnEnabledFilter on org.springframework.cloud.gateway.config.GatewayAutoConfiguration#removeRequestParameterGatewayFilterFactory matched
21:13:37.203 [main] TRACE org.springframework.cloud.gateway.config.conditional.OnEnabledFilter - Condition OnEnabledFilter on org.springframework.cloud.gateway.config.GatewayAutoConfiguration#removeResponseHeaderGatewayFilterFactory matched
21:13:37.248 [main] TRACE org.springframework.cloud.gateway.config.conditional.OnEnabledFilter - Condition OnEnabledFilter on org.springframework.cloud.gateway.config.GatewayAutoConfiguration#principalNameKeyResolver matched
21:13:37.252 [main] TRACE org.springframework.cloud.gateway.config.conditional.OnEnabledFilter - Condition OnEnabledFilter on org.springframework.cloud.gateway.config.GatewayAutoConfiguration#requestRateLimiterGatewayFilterFactory matched
21:13:37.254 [main] TRACE org.springframework.cloud.gateway.config.conditional.OnEnabledFilter - Condition OnEnabledFilter on org.springframework.cloud.gateway.config.GatewayAutoConfiguration#rewritePathGatewayFilterFactory matched
21:13:37.255 [main] TRACE org.springframework.cloud.gateway.config.conditional.OnEnabledFilter - Condition OnEnabledFilter on org.springframework.cloud.gateway.config.GatewayAutoConfiguration#retryGatewayFilterFactory matched
21:13:37.256 [main] TRACE org.springframework.cloud.gateway.config.conditional.OnEnabledFilter - Condition OnEnabledFilter on org.springframework.cloud.gateway.config.GatewayAutoConfiguration#setPathGatewayFilterFactory matched
21:13:37.257 [main] TRACE org.springframework.cloud.gateway.config.conditional.OnEnabledFilter - Condition OnEnabledFilter on org.springframework.cloud.gateway.config.GatewayAutoConfiguration#secureHeadersGatewayFilterFactory matched
21:13:37.258 [main] TRACE org.springframework.cloud.gateway.config.conditional.OnEnabledFilter - Condition OnEnabledFilter on org.springframework.cloud.gateway.config.GatewayAutoConfiguration#setRequestHeaderGatewayFilterFactory matched
21:13:37.259 [main] TRACE org.springframework.cloud.gateway.config.conditional.OnEnabledFilter - Condition OnEnabledFilter on org.springframework.cloud.gateway.config.GatewayAutoConfiguration#setRequestHostHeaderGatewayFilterFactory matched
21:13:37.267 [main] TRACE org.springframework.cloud.gateway.config.conditional.OnEnabledFilter - Condition OnEnabledFilter on org.springframework.cloud.gateway.config.GatewayAutoConfiguration#setResponseHeaderGatewayFilterFactory matched
21:13:37.268 [main] TRACE org.springframework.cloud.gateway.config.conditional.OnEnabledFilter - Condition OnEnabledFilter on org.springframework.cloud.gateway.config.GatewayAutoConfiguration#rewriteResponseHeaderGatewayFilterFactory matched
21:13:37.269 [main] TRACE org.springframework.cloud.gateway.config.conditional.OnEnabledFilter - Condition OnEnabledFilter on org.springframework.cloud.gateway.config.GatewayAutoConfiguration#rewriteLocationResponseHeaderGatewayFilterFactory matched
21:13:37.270 [main] TRACE org.springframework.cloud.gateway.config.conditional.OnEnabledFilter - Condition OnEnabledFilter on org.springframework.cloud.gateway.config.GatewayAutoConfiguration#setStatusGatewayFilterFactory matched
21:13:37.271 [main] TRACE org.springframework.cloud.gateway.config.conditional.OnEnabledFilter - Condition OnEnabledFilter on org.springframework.cloud.gateway.config.GatewayAutoConfiguration#saveSessionGatewayFilterFactory matched
21:13:37.272 [main] TRACE org.springframework.cloud.gateway.config.conditional.OnEnabledFilter - Condition OnEnabledFilter on org.springframework.cloud.gateway.config.GatewayAutoConfiguration#stripPrefixGatewayFilterFactory matched
21:13:37.273 [main] TRACE org.springframework.cloud.gateway.config.conditional.OnEnabledFilter - Condition OnEnabledFilter on org.springframework.cloud.gateway.config.GatewayAutoConfiguration#requestHeaderToRequestUriGatewayFilterFactory matched
21:13:37.273 [main] TRACE org.springframework.cloud.gateway.config.conditional.OnEnabledFilter - Condition OnEnabledFilter on org.springframework.cloud.gateway.config.GatewayAutoConfiguration#requestSizeGatewayFilterFactory matched
21:13:37.274 [main] TRACE org.springframework.cloud.gateway.config.conditional.OnEnabledFilter - Condition OnEnabledFilter on org.springframework.cloud.gateway.config.GatewayAutoConfiguration#requestHeaderSizeGatewayFilterFactory matched
21:13:37.281 [main] TRACE org.springframework.cloud.gateway.config.conditional.OnEnabledFilter - Condition OnEnabledFilter on org.springframework.cloud.gateway.config.GatewayAutoConfiguration#rewriteRequestParameterGatewayFilterFactory matched
21:13:38.743 [main] INFO  org.springframework.data.repository.config.RepositoryConfigurationDelegate - Multiple Spring Data modules found, entering strict repository configuration mode
21:13:38.753 [main] INFO  org.springframework.data.repository.config.RepositoryConfigurationDelegate - Bootstrapping Spring Data Redis repositories in DEFAULT mode.
21:13:38.868 [main] INFO  org.springframework.data.repository.config.RepositoryConfigurationDelegate - Finished Spring Data repository scanning in 54 ms. Found 0 Redis repository interfaces.
21:13:40.489 [main] INFO  org.springframework.cloud.context.scope.GenericScope - BeanFactory id=bf23ade3-c651-3d7f-99b1-ffab457392b4
21:13:41.519 [main] DEBUG io.lettuce.core.resource.AddressResolverGroupProvider - Starting with netty's non-blocking DNS resolver library
21:13:42.509 [main] DEBUG io.lettuce.core.resource.KqueueProvider - Starting without optional kqueue library
21:13:42.515 [main] DEBUG io.lettuce.core.resource.IOUringProvider - Starting without optional io_uring library
21:13:43.096 [main] DEBUG io.lettuce.core.resource.EpollProvider - Starting without optional epoll library
21:13:43.179 [main] DEBUG io.lettuce.core.resource.DefaultClientResources - -Dio.netty.eventLoopThreads: 4
21:13:43.204 [main] DEBUG io.lettuce.core.resource.DefaultEventLoopGroupProvider - Creating executor io.netty.util.concurrent.DefaultEventExecutorGroup
21:13:43.512 [main] DEBUG io.lettuce.core.event.jfr.EventRecorderHolder - Starting with JFR support
Testing Redis connection...
21:13:47.266 [main] DEBUG io.lettuce.core.RedisClient - Trying to get a Redis connection for: redis://default:********************************@redis-14694.c258.us-east-1-4.ec2.redns.redis-cloud.com:14694?timeout=3s
21:13:48.862 [main] DEBUG io.lettuce.core.resource.DefaultEventLoopGroupProvider - Allocating executor io.netty.channel.nio.NioEventLoopGroup
21:13:48.862 [main] DEBUG io.lettuce.core.resource.DefaultEventLoopGroupProvider - Creating executor io.netty.channel.nio.NioEventLoopGroup
21:13:48.965 [main] DEBUG io.lettuce.core.resource.DefaultEventLoopGroupProvider - Adding reference to io.netty.channel.nio.NioEventLoopGroup@407f2029, existing ref count 0
21:13:49.965 [main] DEBUG io.lettuce.core.RedisClient - Resolved SocketAddress redis-14694.c258.us-east-1-4.ec2.redns.redis-cloud.com/50.17.110.170:14694 using redis://default:********************************@redis-14694.c258.us-east-1-4.ec2.redns.redis-cloud.com:14694?timeout=3s
21:13:49.967 [main] DEBUG io.lettuce.core.AbstractRedisClient - Connecting to Redis at redis-14694.c258.us-east-1-4.ec2.redns.redis-cloud.com/50.17.110.170:14694
21:13:50.225 [lettuce-nioEventLoop-4-1] DEBUG io.lettuce.core.protocol.CommandHandler - [channel=0x0c596ac6, [id: 0x02a17a01] (inactive), epid=0x1, chid=0x1] channelRegistered()
21:13:50.597 [lettuce-nioEventLoop-4-1] DEBUG io.lettuce.core.protocol.CommandHandler - [channel=0x0c596ac6, /192.168.102.3:51807 -> redis-14694.c258.us-east-1-4.ec2.redns.redis-cloud.com/50.17.110.170:14694, epid=0x1, chid=0x1] write(ctx, AsyncCommand [type=HELLO, output=GenericMapOutput [output=null, error='null'], commandType=io.lettuce.core.protocol.Command], promise)
21:13:50.610 [lettuce-nioEventLoop-4-1] DEBUG io.lettuce.core.protocol.CommandEncoder - [channel=0x0c596ac6, /192.168.102.3:51807 -> redis-14694.c258.us-east-1-4.ec2.redns.redis-cloud.com/50.17.110.170:14694] writing command AsyncCommand [type=HELLO, output=GenericMapOutput [output=null, error='null'], commandType=io.lettuce.core.protocol.Command]
21:13:50.856 [lettuce-nioEventLoop-4-1] DEBUG io.lettuce.core.protocol.CommandHandler - [channel=0x0c596ac6, /192.168.102.3:51807 -> redis-14694.c258.us-east-1-4.ec2.redns.redis-cloud.com/50.17.110.170:14694, epid=0x1, chid=0x1] Received: 705 bytes, 1 commands in the stack
21:13:50.858 [lettuce-nioEventLoop-4-1] DEBUG io.lettuce.core.protocol.CommandHandler - [channel=0x0c596ac6, /192.168.102.3:51807 -> redis-14694.c258.us-east-1-4.ec2.redns.redis-cloud.com/50.17.110.170:14694, epid=0x1, chid=0x1] Stack contains: 1 commands
21:13:50.879 [lettuce-nioEventLoop-4-1] DEBUG io.lettuce.core.protocol.RedisStateMachine - Decode done, empty stack: true
21:13:50.952 [lettuce-nioEventLoop-4-1] DEBUG io.lettuce.core.protocol.CommandHandler - [channel=0x0c596ac6, /192.168.102.3:51807 -> redis-14694.c258.us-east-1-4.ec2.redns.redis-cloud.com/50.17.110.170:14694, epid=0x1, chid=0x1] Completing command LatencyMeteredCommand [type=HELLO, output=GenericMapOutput [output={server=redis, version=7.4.2, proto=3, id=25, mode=cluster, role=master, modules=name, ReJSON=ver, 20808=path, /enterprise-managed=args, name=searchlight, ver=21013, path=/enterprise-managed, args=FORK_GC_CLEAN_THRESHOLD, timeseries=ver, 11205=path, 100=MAXAGGREGATERESULTS, 10000=MT_MODE, MT_MODE_ONLY_ON_OPERATIONS=WORKER_THREADS}, error='null'], commandType=io.lettuce.core.protocol.AsyncCommand]
21:13:50.963 [lettuce-nioEventLoop-4-1] DEBUG io.lettuce.core.protocol.CommandHandler - [channel=0x0c596ac6, /192.168.102.3:51807 -> redis-14694.c258.us-east-1-4.ec2.redns.redis-cloud.com/50.17.110.170:14694, epid=0x1, chid=0x1] write(ctx, [AsyncCommand [type=CLIENT, output=StatusOutput [output=null, error='null'], commandType=io.lettuce.core.protocol.Command], AsyncCommand [type=CLIENT, output=StatusOutput [output=null, error='null'], commandType=io.lettuce.core.protocol.Command]], promise)
21:13:50.964 [lettuce-nioEventLoop-4-1] DEBUG io.lettuce.core.protocol.CommandEncoder - [channel=0x0c596ac6, /192.168.102.3:51807 -> redis-14694.c258.us-east-1-4.ec2.redns.redis-cloud.com/50.17.110.170:14694] writing command AsyncCommand [type=CLIENT, output=StatusOutput [output=null, error='null'], commandType=io.lettuce.core.protocol.Command]
21:13:50.965 [lettuce-nioEventLoop-4-1] DEBUG io.lettuce.core.protocol.CommandEncoder - [channel=0x0c596ac6, /192.168.102.3:51807 -> redis-14694.c258.us-east-1-4.ec2.redns.redis-cloud.com/50.17.110.170:14694] writing command AsyncCommand [type=CLIENT, output=StatusOutput [output=null, error='null'], commandType=io.lettuce.core.protocol.Command]
21:13:51.211 [lettuce-nioEventLoop-4-1] DEBUG io.lettuce.core.protocol.CommandHandler - [channel=0x0c596ac6, /192.168.102.3:51807 -> redis-14694.c258.us-east-1-4.ec2.redns.redis-cloud.com/50.17.110.170:14694, epid=0x1, chid=0x1] Received: 10 bytes, 2 commands in the stack
21:13:51.211 [lettuce-nioEventLoop-4-1] DEBUG io.lettuce.core.protocol.CommandHandler - [channel=0x0c596ac6, /192.168.102.3:51807 -> redis-14694.c258.us-east-1-4.ec2.redns.redis-cloud.com/50.17.110.170:14694, epid=0x1, chid=0x1] Stack contains: 2 commands
21:13:51.211 [lettuce-nioEventLoop-4-1] DEBUG io.lettuce.core.protocol.RedisStateMachine - Decode done, empty stack: true
21:13:51.212 [lettuce-nioEventLoop-4-1] DEBUG io.lettuce.core.protocol.CommandHandler - [channel=0x0c596ac6, /192.168.102.3:51807 -> redis-14694.c258.us-east-1-4.ec2.redns.redis-cloud.com/50.17.110.170:14694, epid=0x1, chid=0x1] Completing command LatencyMeteredCommand [type=CLIENT, output=StatusOutput [output=OK, error='null'], commandType=io.lettuce.core.protocol.AsyncCommand]
21:13:51.213 [lettuce-nioEventLoop-4-1] DEBUG io.lettuce.core.protocol.CommandHandler - [channel=0x0c596ac6, /192.168.102.3:51807 -> redis-14694.c258.us-east-1-4.ec2.redns.redis-cloud.com/50.17.110.170:14694, epid=0x1, chid=0x1] Stack contains: 1 commands
21:13:51.213 [lettuce-nioEventLoop-4-1] DEBUG io.lettuce.core.protocol.RedisStateMachine - Decode done, empty stack: true
21:13:51.213 [lettuce-nioEventLoop-4-1] DEBUG io.lettuce.core.protocol.CommandHandler - [channel=0x0c596ac6, /192.168.102.3:51807 -> redis-14694.c258.us-east-1-4.ec2.redns.redis-cloud.com/50.17.110.170:14694, epid=0x1, chid=0x1] Completing command LatencyMeteredCommand [type=CLIENT, output=StatusOutput [output=OK, error='null'], commandType=io.lettuce.core.protocol.AsyncCommand]
21:13:51.213 [lettuce-nioEventLoop-4-1] DEBUG io.lettuce.core.protocol.CommandHandler - [channel=0x0c596ac6, /192.168.102.3:51807 -> redis-14694.c258.us-east-1-4.ec2.redns.redis-cloud.com/50.17.110.170:14694, epid=0x1, chid=0x1] channelActive()
21:13:51.215 [lettuce-nioEventLoop-4-1] DEBUG io.lettuce.core.protocol.DefaultEndpoint - [channel=0x0c596ac6, /192.168.102.3:51807 -> redis-14694.c258.us-east-1-4.ec2.redns.redis-cloud.com/50.17.110.170:14694, epid=0x1] activateEndpointAndExecuteBufferedCommands 0 command(s) buffered
21:13:51.215 [lettuce-nioEventLoop-4-1] DEBUG io.lettuce.core.protocol.DefaultEndpoint - [channel=0x0c596ac6, /192.168.102.3:51807 -> redis-14694.c258.us-east-1-4.ec2.redns.redis-cloud.com/50.17.110.170:14694, epid=0x1] activating endpoint
21:13:51.215 [lettuce-nioEventLoop-4-1] DEBUG io.lettuce.core.protocol.DefaultEndpoint - [channel=0x0c596ac6, /192.168.102.3:51807 -> redis-14694.c258.us-east-1-4.ec2.redns.redis-cloud.com/50.17.110.170:14694, epid=0x1] flushCommands()
21:13:51.215 [lettuce-nioEventLoop-4-1] DEBUG io.lettuce.core.protocol.DefaultEndpoint - [channel=0x0c596ac6, /192.168.102.3:51807 -> redis-14694.c258.us-east-1-4.ec2.redns.redis-cloud.com/50.17.110.170:14694, epid=0x1] flushCommands() Flushing 0 commands
21:13:51.219 [lettuce-nioEventLoop-4-1] DEBUG io.lettuce.core.protocol.ConnectionWatchdog - [channel=0x0c596ac6, /192.168.102.3:51807 -> redis-14694.c258.us-east-1-4.ec2.redns.redis-cloud.com/50.17.110.170:14694, last known addr=redis-14694.c258.us-east-1-4.ec2.redns.redis-cloud.com/50.17.110.170:14694] channelActive()
21:13:51.221 [lettuce-nioEventLoop-4-1] DEBUG io.lettuce.core.protocol.CommandHandler - [channel=0x0c596ac6, /192.168.102.3:51807 -> redis-14694.c258.us-east-1-4.ec2.redns.redis-cloud.com/50.17.110.170:14694, epid=0x1, chid=0x1] channelActive() done
21:13:51.222 [lettuce-nioEventLoop-4-1] DEBUG io.lettuce.core.AbstractRedisClient - Connecting to Redis at redis-14694.c258.us-east-1-4.ec2.redns.redis-cloud.com/50.17.110.170:14694: Success
21:13:51.225 [main] DEBUG io.lettuce.core.RedisChannelHandler - dispatching command AsyncCommand [type=PING, output=StatusOutput [output=null, error='null'], commandType=io.lettuce.core.protocol.Command]
21:13:51.228 [main] DEBUG io.lettuce.core.protocol.DefaultEndpoint - [channel=0x0c596ac6, /192.168.102.3:51807 -> redis-14694.c258.us-east-1-4.ec2.redns.redis-cloud.com/50.17.110.170:14694, epid=0x1] write() writeAndFlush command AsyncCommand [type=PING, output=StatusOutput [output=null, error='null'], commandType=io.lettuce.core.protocol.Command]
21:13:51.232 [lettuce-nioEventLoop-4-1] DEBUG io.lettuce.core.protocol.CommandHandler - [channel=0x0c596ac6, /192.168.102.3:51807 -> redis-14694.c258.us-east-1-4.ec2.redns.redis-cloud.com/50.17.110.170:14694, epid=0x1, chid=0x1] write(ctx, AsyncCommand [type=PING, output=StatusOutput [output=null, error='null'], commandType=io.lettuce.core.protocol.Command], promise)
21:13:51.233 [lettuce-nioEventLoop-4-1] DEBUG io.lettuce.core.protocol.CommandEncoder - [channel=0x0c596ac6, /192.168.102.3:51807 -> redis-14694.c258.us-east-1-4.ec2.redns.redis-cloud.com/50.17.110.170:14694] writing command AsyncCommand [type=PING, output=StatusOutput [output=null, error='null'], commandType=io.lettuce.core.protocol.Command]
21:13:51.238 [main] DEBUG io.lettuce.core.protocol.DefaultEndpoint - [channel=0x0c596ac6, /192.168.102.3:51807 -> redis-14694.c258.us-east-1-4.ec2.redns.redis-cloud.com/50.17.110.170:14694, epid=0x1] write() done
21:13:51.475 [lettuce-nioEventLoop-4-1] DEBUG io.lettuce.core.protocol.CommandHandler - [channel=0x0c596ac6, /192.168.102.3:51807 -> redis-14694.c258.us-east-1-4.ec2.redns.redis-cloud.com/50.17.110.170:14694, epid=0x1, chid=0x1] Received: 7 bytes, 1 commands in the stack
21:13:51.475 [lettuce-nioEventLoop-4-1] DEBUG io.lettuce.core.protocol.CommandHandler - [channel=0x0c596ac6, /192.168.102.3:51807 -> redis-14694.c258.us-east-1-4.ec2.redns.redis-cloud.com/50.17.110.170:14694, epid=0x1, chid=0x1] Stack contains: 1 commands
21:13:51.475 [lettuce-nioEventLoop-4-1] DEBUG io.lettuce.core.protocol.RedisStateMachine - Decode done, empty stack: true
21:13:51.476 [lettuce-nioEventLoop-4-1] DEBUG io.lettuce.core.protocol.CommandHandler - [channel=0x0c596ac6, /192.168.102.3:51807 -> redis-14694.c258.us-east-1-4.ec2.redns.redis-cloud.com/50.17.110.170:14694, epid=0x1, chid=0x1] Completing command LatencyMeteredCommand [type=PING, output=StatusOutput [output=PONG, error='null'], commandType=io.lettuce.core.protocol.AsyncCommand]
21:13:51.531 [main] DEBUG io.lettuce.core.RedisChannelHandler - dispatching command AsyncCommand [type=PING, output=StatusOutput [output=null, error='null'], commandType=io.lettuce.core.protocol.Command]
21:13:51.534 [main] DEBUG io.lettuce.core.protocol.DefaultEndpoint - [channel=0x0c596ac6, /192.168.102.3:51807 -> redis-14694.c258.us-east-1-4.ec2.redns.redis-cloud.com/50.17.110.170:14694, epid=0x1] write() writeAndFlush command AsyncCommand [type=PING, output=StatusOutput [output=null, error='null'], commandType=io.lettuce.core.protocol.Command]
21:13:51.540 [lettuce-nioEventLoop-4-1] DEBUG io.lettuce.core.protocol.CommandHandler - [channel=0x0c596ac6, /192.168.102.3:51807 -> redis-14694.c258.us-east-1-4.ec2.redns.redis-cloud.com/50.17.110.170:14694, epid=0x1, chid=0x1] write(ctx, AsyncCommand [type=PING, output=StatusOutput [output=null, error='null'], commandType=io.lettuce.core.protocol.Command], promise)
21:13:51.541 [lettuce-nioEventLoop-4-1] DEBUG io.lettuce.core.protocol.CommandEncoder - [channel=0x0c596ac6, /192.168.102.3:51807 -> redis-14694.c258.us-east-1-4.ec2.redns.redis-cloud.com/50.17.110.170:14694] writing command AsyncCommand [type=PING, output=StatusOutput [output=null, error='null'], commandType=io.lettuce.core.protocol.Command]
21:13:51.542 [main] DEBUG io.lettuce.core.protocol.DefaultEndpoint - [channel=0x0c596ac6, /192.168.102.3:51807 -> redis-14694.c258.us-east-1-4.ec2.redns.redis-cloud.com/50.17.110.170:14694, epid=0x1] write() done
21:13:51.782 [lettuce-nioEventLoop-4-1] DEBUG io.lettuce.core.protocol.CommandHandler - [channel=0x0c596ac6, /192.168.102.3:51807 -> redis-14694.c258.us-east-1-4.ec2.redns.redis-cloud.com/50.17.110.170:14694, epid=0x1, chid=0x1] Received: 7 bytes, 1 commands in the stack
21:13:51.783 [lettuce-nioEventLoop-4-1] DEBUG io.lettuce.core.protocol.CommandHandler - [channel=0x0c596ac6, /192.168.102.3:51807 -> redis-14694.c258.us-east-1-4.ec2.redns.redis-cloud.com/50.17.110.170:14694, epid=0x1, chid=0x1] Stack contains: 1 commands
21:13:51.783 [lettuce-nioEventLoop-4-1] DEBUG io.lettuce.core.protocol.RedisStateMachine - Decode done, empty stack: true
21:13:51.783 [lettuce-nioEventLoop-4-1] DEBUG io.lettuce.core.protocol.CommandHandler - [channel=0x0c596ac6, /192.168.102.3:51807 -> redis-14694.c258.us-east-1-4.ec2.redns.redis-cloud.com/50.17.110.170:14694, epid=0x1, chid=0x1] Completing command LatencyMeteredCommand [type=PING, output=StatusOutput [output=PONG, error='null'], commandType=io.lettuce.core.protocol.AsyncCommand]
Redis connection test result: PONG
21:13:52.195 [main] INFO  org.springframework.boot.autoconfigure.security.reactive.ReactiveUserDetailsServiceAutoConfiguration - 

Using generated security password: 3e9ae283-7f3b-44e1-88ca-6e93bb6d4154

21:13:56.557 [main] DEBUG org.springframework.cloud.gateway.config.GatewayProperties - Routes supplied from Gateway Properties: [RouteDefinition{id='user-service-route', predicates=[PredicateDefinition{name='Path', args={_genkey_0=/users/**}}], filters=[], uri=https://user-service-test.up.railway.app, order=0, metadata={}, enabled=true}, RouteDefinition{id='wallet-service-route', predicates=[PredicateDefinition{name='Path', args={_genkey_0=/wallets/**}}], filters=[], uri=https://wallet-service-test.up.railway.app, order=0, metadata={}, enabled=true}, RouteDefinition{id='account-service-route', predicates=[PredicateDefinition{name='Path', args={_genkey_0=/accounts/**}}], filters=[], uri=https://account-service-test.up.railway.app, order=0, metadata={}, enabled=true}, RouteDefinition{id='trading-service-route', predicates=[PredicateDefinition{name='Path', args={_genkey_0=/trading/**}}], filters=[], uri=https://trading-service-test.up.railway.app, order=0, metadata={}, enabled=true}]
21:14:00.519 [main] INFO  org.springframework.cloud.gateway.route.RouteDefinitionRouteLocator - Loaded RoutePredicateFactory [After]
21:14:00.521 [main] INFO  org.springframework.cloud.gateway.route.RouteDefinitionRouteLocator - Loaded RoutePredicateFactory [Before]
21:14:00.521 [main] INFO  org.springframework.cloud.gateway.route.RouteDefinitionRouteLocator - Loaded RoutePredicateFactory [Between]
21:14:00.521 [main] INFO  org.springframework.cloud.gateway.route.RouteDefinitionRouteLocator - Loaded RoutePredicateFactory [Cookie]
21:14:00.521 [main] INFO  org.springframework.cloud.gateway.route.RouteDefinitionRouteLocator - Loaded RoutePredicateFactory [Header]
21:14:00.522 [main] INFO  org.springframework.cloud.gateway.route.RouteDefinitionRouteLocator - Loaded RoutePredicateFactory [Host]
21:14:00.522 [main] INFO  org.springframework.cloud.gateway.route.RouteDefinitionRouteLocator - Loaded RoutePredicateFactory [Method]
21:14:00.523 [main] INFO  org.springframework.cloud.gateway.route.RouteDefinitionRouteLocator - Loaded RoutePredicateFactory [Path]
21:14:00.527 [main] INFO  org.springframework.cloud.gateway.route.RouteDefinitionRouteLocator - Loaded RoutePredicateFactory [Query]
21:14:00.527 [main] INFO  org.springframework.cloud.gateway.route.RouteDefinitionRouteLocator - Loaded RoutePredicateFactory [ReadBody]
21:14:00.527 [main] INFO  org.springframework.cloud.gateway.route.RouteDefinitionRouteLocator - Loaded RoutePredicateFactory [RemoteAddr]
21:14:00.527 [main] INFO  org.springframework.cloud.gateway.route.RouteDefinitionRouteLocator - Loaded RoutePredicateFactory [XForwardedRemoteAddr]
21:14:00.527 [main] INFO  org.springframework.cloud.gateway.route.RouteDefinitionRouteLocator - Loaded RoutePredicateFactory [Weight]
21:14:00.528 [main] INFO  org.springframework.cloud.gateway.route.RouteDefinitionRouteLocator - Loaded RoutePredicateFactory [CloudFoundryRouteService]
21:14:01.880 [main] INFO  org.springframework.boot.actuate.endpoint.web.EndpointLinksResolver - Exposing 1 endpoint beneath base path '/actuator'
21:14:03.533 [main] DEBUG org.springframework.data.redis.listener.RedisMessageListenerContainer - Starting RedisMessageListenerContainer...
21:14:03.537 [main] DEBUG org.springframework.data.redis.listener.RedisMessageListenerContainer - Postpone listening for Redis messages until actual listeners are added
21:14:03.816 [main] DEBUG org.springframework.cloud.gateway.route.RouteDefinitionRouteLocator - RouteDefinition user-service-route applying {_genkey_0=/users/**} to Path
21:14:03.958 [main] DEBUG org.springframework.cloud.gateway.route.RouteDefinitionRouteLocator - RouteDefinition matched: user-service-route
21:14:03.958 [main] DEBUG org.springframework.cloud.gateway.route.RouteDefinitionRouteLocator - RouteDefinition wallet-service-route applying {_genkey_0=/wallets/**} to Path
21:14:03.961 [main] DEBUG org.springframework.cloud.gateway.route.RouteDefinitionRouteLocator - RouteDefinition matched: wallet-service-route
21:14:03.961 [main] DEBUG org.springframework.cloud.gateway.route.RouteDefinitionRouteLocator - RouteDefinition account-service-route applying {_genkey_0=/accounts/**} to Path
21:14:03.965 [main] DEBUG org.springframework.cloud.gateway.route.RouteDefinitionRouteLocator - RouteDefinition matched: account-service-route
21:14:03.966 [main] DEBUG org.springframework.cloud.gateway.route.RouteDefinitionRouteLocator - RouteDefinition trading-service-route applying {_genkey_0=/trading/**} to Path
21:14:03.976 [main] DEBUG org.springframework.cloud.gateway.route.RouteDefinitionRouteLocator - RouteDefinition matched: trading-service-route
21:14:04.024 [main] DEBUG org.springframework.cloud.gateway.filter.GatewayMetricsFilter - New routes count: 4
21:14:04.029 [main] INFO  com.project.apigateway.ApiGatewayApplicationTests - Started ApiGatewayApplicationTests in 37.561 seconds (process running for 45.338)
]]></system-out>
    <system-err><![CDATA[Mockito is currently self-attaching to enable the inline-mock-maker. This will no longer work in future releases of the JDK. Please add Mockito as an agent to your build what is described in Mockito's documentation: https://javadoc.io/doc/org.mockito/mockito-core/latest/org/mockito/Mockito.html#0.3
WARNING: A Java agent has been loaded dynamically (C:\Users\hiepg\.m2\repository\net\bytebuddy\byte-buddy-agent\1.15.11\byte-buddy-agent-1.15.11.jar)
WARNING: If a serviceability tool is in use, please run with -XX:+EnableDynamicAgentLoading to hide this warning
WARNING: If a serviceability tool is not in use, please run with -Djdk.instrument.traceUsage for more information
WARNING: Dynamic loading of agents will be disallowed by default in a future release
]]></system-err>
  </testcase>
</testsuite>